This is pdfTeX, Version 3.141592653-2.6-1.40.24 (MiKTeX 22.3) (preloaded format=latex 2023.10.2)  2 OCT 2023 20:12
entering extended mode
 restricted \write18 enabled.
 %&-line parsing enabled.
**\makeatletter\def\HCode{\futurelet\HCode\HChar}\def\HChar{\ifx\HCode\def\HCod
e##1{\Link##1}\expandafter\HCode\else\expandafter\Link\fi}\def\Link#1.a.b.c.{\g
@addto@macro\@documentclasshook{\RequirePackage[#1,html]{tex4ht}}\let\HCode\doc
umentstyle\def\documentstyle{\let\documentstyle\HCode\expandafter\def\csname te
x4ht\endcsname{#1,html}\def\HCode####1{\documentstyle[tex4ht,}\@ifnextchar[{\HC
ode}{\documentstyle[tex4ht]}}}\makeatother\HCode .a.b.c.\input  changelog.tex
 (changelog.tex
(C:\Users\tim.esser\AppData\Local\Programs\MiKTeX\tex/latex/koma-script\scrartc
l.cls
Document Class: scrartcl 2022/05/01 v3.36 KOMA-Script document class (article)

(C:\Users\tim.esser\AppData\Local\Programs\MiKTeX\tex/latex/koma-script\scrkbas
e.sty
Package: scrkbase 2022/05/01 v3.36 KOMA-Script package (KOMA-Script-dependent b
asics and keyval usage)

(C:\Users\tim.esser\AppData\Local\Programs\MiKTeX\tex/latex/koma-script\scrbase
.sty
Package: scrbase 2022/05/01 v3.36 KOMA-Script package (KOMA-Script-independent 
basics and keyval usage)

(C:\Users\tim.esser\AppData\Local\Programs\MiKTeX\tex/latex/koma-script\scrlfil
e.sty
Package: scrlfile 2022/05/01 v3.36 KOMA-Script package (file load hooks)

(C:\Users\tim.esser\AppData\Local\Programs\MiKTeX\tex/latex/koma-script\scrlfil
e-hook.sty
Package: scrlfile-hook 2022/05/01 v3.36 KOMA-Script package (using LaTeX hooks)


(C:\Users\tim.esser\AppData\Local\Programs\MiKTeX\tex/latex/koma-script\scrlogo
.sty
Package: scrlogo 2022/05/01 v3.36 KOMA-Script package (logo)
)))
(C:\Users\tim.esser\AppData\Local\Programs\MiKTeX\tex/latex/graphics\keyval.sty
Package: keyval 2022/05/29 v1.15 key=value parser (DPC)
\KV@toks@=\toks16
)
Applying: [2021/05/01] Usage of raw or classic option list on input line 252.
Already applied: [0000/00/00] Usage of raw or classic option list on input line
 368.
))
(C:\Users\tim.esser\AppData\Local\Programs\MiKTeX\tex/latex/koma-script\tocbasi
c.sty
Package: tocbasic 2022/05/01 v3.36 KOMA-Script package (handling toc-files)
\scr@dte@tocline@numberwidth=\skip47
\scr@dte@tocline@numbox=\box51
)
Package tocbasic Info: babel extension for `toc' omitted
(tocbasic)             because of missing \bbl@set@language on input line 135.
Package scrartcl Info: You've used standard option `11pt'.
(scrartcl)             This is correct!
(scrartcl)             Internally I'm using `fontsize=11pt'.
(scrartcl)             If you'd like to set the option with \KOMAoptions,
(scrartcl)             you'd have to use `fontsize=11pt' there
(scrartcl)             instead of `11pt', too.
Class scrartcl Info: File `scrsize11pt.clo' used to setup font sizes on input l
ine 2255.

(C:\Users\tim.esser\AppData\Local\Programs\MiKTeX\tex/latex/koma-script\scrsize
11pt.clo
File: scrsize11pt.clo 2022/05/01 v3.36 KOMA-Script font size class option (11pt
)
)
(C:\Users\tim.esser\AppData\Local\Programs\MiKTeX\tex/latex/koma-script\typeare
a.sty
Package: typearea 2022/05/01 v3.36 KOMA-Script package (type area)
\ta@bcor=\skip48
\ta@div=\count185
Package typearea Info: You've used standard option `a4paper'.
(typearea)             This is correct!
(typearea)             Internally I'm using `paper=a4'.
(typearea)             If you'd like to set the option with \KOMAoptions,
(typearea)             you'd have to use `paper=a4' there
(typearea)             instead of `a4paper', too.
\ta@hblk=\skip49
\ta@vblk=\skip50
\ta@temp=\skip51
\footheight=\skip52


Package typearea Warning: Bad type area settings!
(typearea)                The detected line width is about 17%
(typearea)                larger than the heuristically estimated maximum
(typearea)                limit of typographical good line width.
(typearea)                You should e.g. decrease DIV, increase fontsize
(typearea)                or change papersize.

Package typearea Info: These are the values describing the layout:
(typearea)             DIV  = 13
(typearea)             BCOR = 0.0pt
(typearea)             \paperwidth      = 597.50793pt
(typearea)              \textwidth      = 459.6215pt
(typearea)              DIV departure   = -17%
(typearea)              \evensidemargin = -3.32678pt
(typearea)              \oddsidemargin  = -3.32678pt
(typearea)             \paperheight     = 845.04694pt
(typearea)              \textheight     = 650.20029pt
(typearea)              \topmargin      = -44.6664pt
(typearea)              \headheight     = 17.0pt
(typearea)              \headsep        = 20.40001pt
(typearea)              \topskip        = 11.0pt
(typearea)              \footskip       = 47.6pt
(typearea)              \baselineskip   = 13.6pt
(typearea)              on input line 1744.
)
\c@part=\count186
\c@section=\count187
\c@subsection=\count188
\c@subsubsection=\count189
\c@paragraph=\count190
\c@subparagraph=\count191
\scr@dte@section@maxnumwidth=\skip53
Class scrartcl Info: using compatibility default `runin=bysign'
(scrartcl)           for `\section on input line 4833.
Class scrartcl Info: using compatibility default `afterindent=bysign'
(scrartcl)           for `\section on input line 4833.
\scr@dte@part@maxnumwidth=\skip54
Class scrartcl Info: using compatibility default `afterindent=false'
(scrartcl)           for `\part on input line 4841.
\scr@dte@subsection@maxnumwidth=\skip55
Class scrartcl Info: using compatibility default `runin=bysign'
(scrartcl)           for `\subsection on input line 4851.
Class scrartcl Info: using compatibility default `afterindent=bysign'
(scrartcl)           for `\subsection on input line 4851.
\scr@dte@subsubsection@maxnumwidth=\skip56
Class scrartcl Info: using compatibility default `runin=bysign'
(scrartcl)           for `\subsubsection on input line 4861.
Class scrartcl Info: using compatibility default `afterindent=bysign'
(scrartcl)           for `\subsubsection on input line 4861.
\scr@dte@paragraph@maxnumwidth=\skip57
Class scrartcl Info: using compatibility default `runin=bysign'
(scrartcl)           for `\paragraph on input line 4872.
Class scrartcl Info: using compatibility default `afterindent=bysign'
(scrartcl)           for `\paragraph on input line 4872.
\scr@dte@subparagraph@maxnumwidth=\skip58
Class scrartcl Info: using compatibility default `runin=bysign'
(scrartcl)           for `\subparagraph on input line 4882.
Class scrartcl Info: using compatibility default `afterindent=bysign'
(scrartcl)           for `\subparagraph on input line 4882.
\abovecaptionskip=\skip59
\belowcaptionskip=\skip60
\c@pti@nb@sid@b@x=\box52
Package tocbasic Info: babel extension for `lof' omitted
(tocbasic)             because of missing \bbl@set@language on input line 6038.

\scr@dte@figure@maxnumwidth=\skip61
\c@figure=\count192
Package tocbasic Info: babel extension for `lot' omitted
(tocbasic)             because of missing \bbl@set@language on input line 6054.

\scr@dte@table@maxnumwidth=\skip62
\c@table=\count193
Class scrartcl Info: Redefining `\numberline' on input line 6224.
\bibindent=\dimen138
)
(C:\Users\tim.esser\AppData\Local\Programs\MiKTeX\tex/generic/tex4ht\tex4ht.sty
version 2021-09-14-14:11
Package: tex4ht 
--------------------------------------
--- Note --- for _ at preamble, use the command line option `early_'
--------------------------------------
--------------------------------------
--- Note --- for ^ at preamble, use the command line option `early^'
--------------------------------------
\tmp:toks=\toks17
)
(C:\Users\tim.esser\AppData\Local\Programs\MiKTeX\tex/generic/tex4ht\usepackage
.4ht
version 2022-02-19-13:30
)
(C:\Users\tim.esser\AppData\Local\Programs\MiKTeX\tex/latex/psnfss\helvet.sty
Package: helvet 2020/03/25 PSNFSS-v9.3 (WaS) 
)
(C:\Users\tim.esser\AppData\Local\Programs\MiKTeX\tex/latex/base\inputenc.sty
Package: inputenc 2021/02/14 v1.3d Input encoding file
\inpenc@prehook=\toks18
\inpenc@posthook=\toks19
)
(C:\Users\tim.esser\AppData\Local\Programs\MiKTeX\tex/latex/base\fontenc.sty
Package: fontenc 2021/04/29 v2.0v Standard LaTeX package
)
(C:\Users\tim.esser\AppData\Local\Programs\MiKTeX\tex/latex/graphics\graphicx.s
ty
Package: graphicx 2021/09/16 v1.2d Enhanced LaTeX Graphics (DPC,SPQR)

(C:\Users\tim.esser\AppData\Local\Programs\MiKTeX\tex/generic/tex4ht\graphics-h
ooks.4ht
version 2020-10-17-13:53
)
(C:\Users\tim.esser\AppData\Local\Programs\MiKTeX\tex/latex/graphics\graphics.s
ty
Package: graphics 2022/03/10 v1.4e Standard LaTeX Graphics (DPC,SPQR)

(C:\Users\tim.esser\AppData\Local\Programs\MiKTeX\tex/latex/graphics\trig.sty
Package: trig 2021/08/11 v1.11 sin cos tan (DPC)
)
(C:\Users\tim.esser\AppData\Local\Programs\MiKTeX\tex/latex/graphics-cfg\graphi
cs.cfg
File: graphics.cfg 2016/06/04 v1.11 sample graphics configuration
)
Package graphics Info: Driver file: dvips.def on input line 107.

(C:\Users\tim.esser\AppData\Local\Programs\MiKTeX\tex/latex/graphics-def\dvips.
def
File: dvips.def 2017/06/20 v3.1d Graphics/color driver for dvips
))
\Gin@req@height=\dimen139
\Gin@req@width=\dimen140
)
(C:\Users\tim.esser\AppData\Local\Programs\MiKTeX\tex/latex/base\textcomp.sty
Package: textcomp 2020/02/02 v2.0n Standard LaTeX package
)
(C:\Users\tim.esser\AppData\Local\Programs\MiKTeX\tex/latex/booktabs\booktabs.s
ty
Package: booktabs 2020/01/12 v1.61803398 Publication quality tables
\heavyrulewidth=\dimen141
\lightrulewidth=\dimen142
\cmidrulewidth=\dimen143
\belowrulesep=\dimen144
\belowbottomsep=\dimen145
\aboverulesep=\dimen146
\abovetopsep=\dimen147
\cmidrulesep=\dimen148
\cmidrulekern=\dimen149
\defaultaddspace=\dimen150
\@cmidla=\count194
\@cmidlb=\count195
\@aboverulesep=\dimen151
\@belowrulesep=\dimen152
\@thisruleclass=\count196
\@lastruleclass=\count197
\@thisrulewidth=\dimen153
)
(C:\Users\tim.esser\AppData\Local\Programs\MiKTeX\tex/latex/pdflscape\pdflscape
.sty
Package: pdflscape 2019/12/05 v0.12 Display of landscape pages in PDF (HO)

(C:\Users\tim.esser\AppData\Local\Programs\MiKTeX\tex/generic/iftex\iftex.sty
Package: iftex 2022/02/03 v1.0f TeX engine tests
)
(C:\Users\tim.esser\AppData\Local\Programs\MiKTeX\tex/latex/graphics\lscape.sty
Package: lscape 2020/05/28 v3.02 Landscape Pages (DPC)

(C:\Users\tim.esser\AppData\Local\Programs\MiKTeX\tex/generic/tex4ht\graphics-h
ooks.4ht
version 2020-10-17-13:53
))
Package pdflscape Info: Auto-detected driver: dvips (dvips) on input line 124.

(C:\Users\tim.esser\AppData\Local\Programs\MiKTeX\tex/latex/base\atbegshi-ltx.s
ty
Package: atbegshi-ltx 2021/01/10 v1.0c Emulation of the original atbegshi
package with kernel methods
))
(C:\Users\tim.esser\AppData\Local\Programs\MiKTeX\tex/latex/amsmath\amsmath.sty
Package: amsmath 2022/04/08 v2.17n AMS math features
\@mathmargin=\skip63
For additional information on amsmath, use the `?' option.

(C:\Users\tim.esser\AppData\Local\Programs\MiKTeX\tex/latex/amsmath\amstext.sty
Package: amstext 2021/08/26 v2.01 AMS text
(C:\Users\tim.esser\AppData\Local\Programs\MiKTeX\tex/latex/amsmath\amsgen.sty
File: amsgen.sty 1999/11/30 v2.0 generic functions
\@emptytoks=\toks20
\ex@=\dimen154
))
(C:\Users\tim.esser\AppData\Local\Programs\MiKTeX\tex/latex/amsmath\amsbsy.sty
Package: amsbsy 1999/11/29 v1.2d Bold Symbols
\pmbraise@=\dimen155
) (C:\Users\tim.esser\AppData\Local\Programs\MiKTeX\tex/latex/amsmath\amsopn.st
y
Package: amsopn 2022/04/08 v2.04 operator names
)
\inf@bad=\count198
LaTeX Info: Redefining \frac on input line 234.
\uproot@=\count199
\leftroot@=\count266
LaTeX Info: Redefining \overline on input line 399.
LaTeX Info: Redefining \colon on input line 410.
\classnum@=\count267
\DOTSCASE@=\count268
LaTeX Info: Redefining \ldots on input line 496.
LaTeX Info: Redefining \dots on input line 499.
LaTeX Info: Redefining \cdots on input line 620.
\Mathstrutbox@=\box53
\strutbox@=\box54
LaTeX Info: Redefining \big on input line 722.
LaTeX Info: Redefining \Big on input line 723.
LaTeX Info: Redefining \bigg on input line 724.
LaTeX Info: Redefining \Bigg on input line 725.
\big@size=\dimen156
LaTeX Font Info:    Redeclaring font encoding OML on input line 743.
LaTeX Font Info:    Redeclaring font encoding OMS on input line 744.
\macc@depth=\count269
LaTeX Info: Redefining \bmod on input line 905.
LaTeX Info: Redefining \pmod on input line 910.
LaTeX Info: Redefining \smash on input line 940.
LaTeX Info: Redefining \relbar on input line 970.
LaTeX Info: Redefining \Relbar on input line 971.
\c@MaxMatrixCols=\count270
\dotsspace@=\muskip16
\c@parentequation=\count271
\dspbrk@lvl=\count272
\tag@help=\toks21
\row@=\count273
\column@=\count274
\maxfields@=\count275
\andhelp@=\toks22
\eqnshift@=\dimen157
\alignsep@=\dimen158
\tagshift@=\dimen159
\tagwidth@=\dimen160
\totwidth@=\dimen161
\lineht@=\dimen162
\@envbody=\toks23
\multlinegap=\skip64
\multlinetaggap=\skip65
\mathdisplay@stack=\toks24
LaTeX Info: Redefining \[ on input line 2953.
LaTeX Info: Redefining \] on input line 2954.
)
(C:\Users\tim.esser\AppData\Local\Programs\MiKTeX\tex/latex/psnfss\mathptmx.sty
Package: mathptmx 2020/03/25 PSNFSS-v9.3 Times w/ Math, improved (SPQR, WaS) 
LaTeX Font Info:    Redeclaring symbol font `operators' on input line 28.
LaTeX Font Info:    Overwriting symbol font `operators' in version `normal'
(Font)                  OT1/cmr/m/n --> OT1/ztmcm/m/n on input line 28.
LaTeX Font Info:    Overwriting symbol font `operators' in version `bold'
(Font)                  OT1/cmr/bx/n --> OT1/ztmcm/m/n on input line 28.
LaTeX Font Info:    Redeclaring symbol font `letters' on input line 29.
LaTeX Font Info:    Overwriting symbol font `letters' in version `normal'
(Font)                  OML/cmm/m/it --> OML/ztmcm/m/it on input line 29.
LaTeX Font Info:    Overwriting symbol font `letters' in version `bold'
(Font)                  OML/cmm/b/it --> OML/ztmcm/m/it on input line 29.
LaTeX Font Info:    Redeclaring symbol font `symbols' on input line 30.
LaTeX Font Info:    Overwriting symbol font `symbols' in version `normal'
(Font)                  OMS/cmsy/m/n --> OMS/ztmcm/m/n on input line 30.
LaTeX Font Info:    Overwriting symbol font `symbols' in version `bold'
(Font)                  OMS/cmsy/b/n --> OMS/ztmcm/m/n on input line 30.
LaTeX Font Info:    Redeclaring symbol font `largesymbols' on input line 31.
LaTeX Font Info:    Overwriting symbol font `largesymbols' in version `normal'
(Font)                  OMX/cmex/m/n --> OMX/ztmcm/m/n on input line 31.
LaTeX Font Info:    Overwriting symbol font `largesymbols' in version `bold'
(Font)                  OMX/cmex/m/n --> OMX/ztmcm/m/n on input line 31.
\symbold=\mathgroup4
\symitalic=\mathgroup5
LaTeX Font Info:    Redeclaring math alphabet \mathbf on input line 34.
LaTeX Font Info:    Overwriting math alphabet `\mathbf' in version `normal'
(Font)                  OT1/cmr/bx/n --> OT1/ptm/bx/n on input line 34.
LaTeX Font Info:    Overwriting math alphabet `\mathbf' in version `bold'
(Font)                  OT1/cmr/bx/n --> OT1/ptm/bx/n on input line 34.
LaTeX Font Info:    Redeclaring math alphabet \mathit on input line 35.
LaTeX Font Info:    Overwriting math alphabet `\mathit' in version `normal'
(Font)                  OT1/cmr/m/it --> OT1/ptm/m/it on input line 35.
LaTeX Font Info:    Overwriting math alphabet `\mathit' in version `bold'
(Font)                  OT1/cmr/bx/it --> OT1/ptm/m/it on input line 35.
LaTeX Info: Redefining \hbar on input line 50.
)
(C:\Users\tim.esser\AppData\Local\Programs\MiKTeX\tex/latex/psnfss\courier.sty
Package: courier 2020/03/25 PSNFSS-v9.3 (WaS) 
) (C:\Users\tim.esser\AppData\Local\Programs\MiKTeX\tex/latex/mhchem\mhchem.sty
Package: mhchem 2021/12/31 v4.09 for typesetting chemical formulae

(C:\Users\tim.esser\AppData\Local\Programs\MiKTeX\tex/generic/tex4ht\expl3-hook
s.4ht
version 2020-10-17-13:53
)
(C:\Users\tim.esser\AppData\Local\Programs\MiKTeX\tex/latex/l3kernel\expl3.sty
Package: expl3 2022-06-02 L3 programming layer (loader) 

(C:\Users\tim.esser\AppData\Local\Programs\MiKTeX\tex/latex/l3backend\l3backend
-dvips.def
File: l3backend-dvips.def 2022-04-20 L3 backend support: dvips
\l__pdf_internal_box=\box55
\g__pdf_backend_object_int=\count276
\l__pdf_backend_content_box=\box56
\l__pdf_backend_model_box=\box57
\g__pdf_backend_annotation_int=\count277
\g__pdf_backend_link_int=\count278
\g__pdf_backend_link_sf_int=\count279
))
(C:\Users\tim.esser\AppData\Local\Programs\MiKTeX\tex/latex/l3packages/l3keys2e
\l3keys2e.sty
(C:\Users\tim.esser\AppData\Local\Programs\MiKTeX\tex/generic/tex4ht\expl3-hook
s.4ht
version 2020-10-17-13:53
)
Package: l3keys2e 2022-06-07 LaTeX2e option processing using LaTeX3 keys
)
(C:\Users\tim.esser\AppData\Local\Programs\MiKTeX\tex/latex/tools\calc.sty
Package: calc 2017/05/25 v4.3 Infix arithmetic (KKT,FJ)
\calc@Acount=\count280
\calc@Bcount=\count281
\calc@Adimen=\dimen163
\calc@Bdimen=\dimen164
\calc@Askip=\skip66
\calc@Bskip=\skip67
LaTeX Info: Redefining \setlength on input line 80.
LaTeX Info: Redefining \addtolength on input line 81.
\calc@Ccount=\count282
\calc@Cskip=\skip68
)
(C:\Users\tim.esser\AppData\Local\Programs\MiKTeX\tex/latex/chemgreek\chemgreek
.sty
(C:\Users\tim.esser\AppData\Local\Programs\MiKTeX\tex/generic/tex4ht\expl3-hook
s.4ht
version 2020-10-17-13:53
)
(C:\Users\tim.esser\AppData\Local\Programs\MiKTeX\tex/latex/l3packages/xparse\x
parse.sty
(C:\Users\tim.esser\AppData\Local\Programs\MiKTeX\tex/generic/tex4ht\expl3-hook
s.4ht
version 2020-10-17-13:53
)
Package: xparse 2022-06-07 L3 Experimental document command parser
)
Package: chemgreek 2020/01/16 v1.1a interface for upright Greek letters for use
 in chemistry (CN)
\l__chemgreek_tmpa_int=\count283
\g__chemgreek_tmpa_int=\count284
)
(C:\Users\tim.esser\AppData\Local\Programs\MiKTeX\tex/generic/tex4ht\graphics-h
ooks.4ht
version 2020-10-17-13:53
)
\l__mhchem_ce_distanceFromLastComma_int=\count285
\__mhchem_arrow_extPgfLength_skip=\skip69
\mhchem@minispace@tmp=\skip70
\mhchem@minibackspace@tmp=\skip71
\mhchem@bondwidth=\skip72
\mhchem@bondheight=\skip73
\mhchem@smallbondwidth@tmpA=\skip74
\mhchem@smallbondwidth@tmpB=\skip75
\mhchem@smallbondwidth=\skip76
\mhchem@bondtmp@minussidebearingleft=\skip77
\mhchem@bondtmp@minussidebearingright=\skip78
\l__mhchem_option_version_int=\count286
\mhchem@option@minusmathsidebearingleft=\dimen165
\mhchem@option@minusmathsidebearingright=\dimen166
\mhchem@option@minustextsidebearingleft=\dimen167
\mhchem@option@minustextsidebearingright=\dimen168


Package mhchem Warning: You did not specify a 'version' option for the mhchem
(mhchem)                package. Please write \usepackage[version=4]{mhchem}
(mhchem)                in your preamble (or any lower number for
(mhchem)                compatibility mode), because you might get slightly
(mhchem)                different output with the same input in future versions
.

)
(C:\Users\tim.esser\AppData\Local\Programs\MiKTeX\tex/latex/siunitx\siunitx.sty
Package: siunitx 2022-06-07 v3.1.3 A comprehensive (SI) units package
\l__siunitx_angle_tmp_dim=\dimen169
\l__siunitx_angle_marker_box=\box58
\l__siunitx_angle_unit_box=\box59
\l__siunitx_compound_count_int=\count287

(C:\Users\tim.esser\AppData\Local\Programs\MiKTeX\tex/latex/translations\transl
ations.sty
Package: translations 2022/02/05 v1.12 internationalization of LaTeX2e packages
 (CN)

(C:\Users\tim.esser\AppData\Local\Programs\MiKTeX\tex/latex/etoolbox\etoolbox.s
ty
Package: etoolbox 2020/10/05 v2.5k e-TeX tools for LaTeX (JAW)
\etb@tempcnta=\count288
)
(C:\Users\tim.esser\AppData\Local\Programs\MiKTeX\tex/generic/pdftexcmds\pdftex
cmds.sty
Package: pdftexcmds 2020-06-27 v0.33 Utility functions of pdfTeX for LuaTeX (HO
)

(C:\Users\tim.esser\AppData\Local\Programs\MiKTeX\tex/generic/infwarerr\infware
rr.sty
Package: infwarerr 2019/12/03 v1.5 Providing info/warning/error messages (HO)
)
(C:\Users\tim.esser\AppData\Local\Programs\MiKTeX\tex/generic/ltxcmds\ltxcmds.s
ty
Package: ltxcmds 2020-05-10 v1.25 LaTeX kernel commands for general use (HO)
)
Package pdftexcmds Info: \pdf@primitive is available.
Package pdftexcmds Info: \pdf@ifprimitive is available.
Package pdftexcmds Info: \pdfdraftmode is ignored in DVI mode.
))
\l__siunitx_number_exponent_fixed_int=\count289
\l__siunitx_number_min_decimal_int=\count290
\l__siunitx_number_min_integer_int=\count291
\l__siunitx_number_round_precision_int=\count292
\l__siunitx_number_group_first_int=\count293
\l__siunitx_number_group_size_int=\count294
\l__siunitx_number_group_minimum_int=\count295
\l__siunitx_table_tmp_box=\box60
\l__siunitx_table_tmp_dim=\dimen170
\l__siunitx_table_column_width_dim=\dimen171
\l__siunitx_table_integer_box=\box61
\l__siunitx_table_decimal_box=\box62
\l__siunitx_table_before_box=\box63
\l__siunitx_table_after_box=\box64
\l__siunitx_table_before_dim=\dimen172
\l__siunitx_table_carry_dim=\dimen173
\l__siunitx_unit_tmp_int=\count296
\l__siunitx_unit_position_int=\count297
\l__siunitx_unit_total_int=\count298

(C:\Users\tim.esser\AppData\Local\Programs\MiKTeX\tex/latex/tools\array.sty
Package: array 2021/10/04 v2.5f Tabular extension package (FMi)
\col@sep=\dimen174
\ar@mcellbox=\box65
\extrarowheight=\dimen175
\NC@list=\toks25
\extratabsurround=\skip79
\backup@length=\skip80
\ar@cellbox=\box66
))
(C:\Users\tim.esser\AppData\Local\Programs\MiKTeX\tex/generic/tex4ht\xcolor-hoo
ks.4ht
version 2020-10-17-13:53
)
(C:\Users\tim.esser\AppData\Local\Programs\MiKTeX\tex/latex/xcolor\xcolor.sty
Package: xcolor 2021/10/31 v2.13 LaTeX color extensions (UK)

(C:\Users\tim.esser\AppData\Local\Programs\MiKTeX\tex/latex/graphics-cfg\color.
cfg
File: color.cfg 2016/01/02 v1.6 sample color configuration
)
Package xcolor Info: Package option `usenames' ignored on input line 218.
Package xcolor Info: Driver file: dvips.def on input line 227.
Package xcolor Info: Model `cmy' substituted by `cmy0' on input line 1352.
Package xcolor Info: Model `RGB' extended on input line 1368.
Package xcolor Info: Model `HTML' substituted by `rgb' on input line 1370.
Package xcolor Info: Model `Hsb' substituted by `hsb' on input line 1371.
Package xcolor Info: Model `tHsb' substituted by `hsb' on input line 1372.
Package xcolor Info: Model `HSB' substituted by `hsb' on input line 1373.
Package xcolor Info: Model `Gray' substituted by `gray' on input line 1374.
Package xcolor Info: Model `wave' substituted by `hsb' on input line 1375.

(C:\Users\tim.esser\AppData\Local\Programs\MiKTeX\tex/latex/graphics\dvipsnam.d
ef
File: dvipsnam.def 2016/06/17 v3.0m Driver-dependent file (DPC,SPQR)
))
(C:\Users\tim.esser\AppData\Local\Programs\MiKTeX\tex/generic/tex4ht\hyperref-h
ooks.4ht
version 2022-02-22-13:25
)
(C:\Users\tim.esser\AppData\Local\Programs\MiKTeX\tex/latex/hyperref\hyperref.s
ty
Package: hyperref 2022-05-17 v7.00q Hypertext links for LaTeX

(C:\Users\tim.esser\AppData\Local\Programs\MiKTeX\tex/generic/kvsetkeys\kvsetke
ys.sty
Package: kvsetkeys 2019/12/15 v1.18 Key value parser (HO)
)
(C:\Users\tim.esser\AppData\Local\Programs\MiKTeX\tex/generic/kvdefinekeys\kvde
finekeys.sty
Package: kvdefinekeys 2019-12-19 v1.6 Define keys (HO)
)
(C:\Users\tim.esser\AppData\Local\Programs\MiKTeX\tex/generic/pdfescape\pdfesca
pe.sty
Package: pdfescape 2019/12/09 v1.15 Implements pdfTeX's escape features (HO)
)
(C:\Users\tim.esser\AppData\Local\Programs\MiKTeX\tex/latex/hycolor\hycolor.sty
Package: hycolor 2020-01-27 v1.10 Color options for hyperref/bookmark (HO)
)
(C:\Users\tim.esser\AppData\Local\Programs\MiKTeX\tex/latex/letltxmacro\letltxm
acro.sty
Package: letltxmacro 2019/12/03 v1.6 Let assignment for LaTeX macros (HO)
)
(C:\Users\tim.esser\AppData\Local\Programs\MiKTeX\tex/latex/auxhook\auxhook.sty
Package: auxhook 2019-12-17 v1.6 Hooks for auxiliary files (HO)

Package auxhook Warning: Cannot patch \document,
(auxhook)                using \AtBeginDocument instead.

)
(C:\Users\tim.esser\AppData\Local\Programs\MiKTeX\tex/latex/hyperref\nameref.st
y
Package: nameref 2022-05-17 v2.50 Cross-referencing by name of section

(C:\Users\tim.esser\AppData\Local\Programs\MiKTeX\tex/latex/refcount\refcount.s
ty
Package: refcount 2019/12/15 v3.6 Data extraction from label references (HO)
)
(C:\Users\tim.esser\AppData\Local\Programs\MiKTeX\tex/generic/gettitlestring\ge
ttitlestring.sty
Package: gettitlestring 2019/12/15 v1.6 Cleanup title references (HO)

(C:\Users\tim.esser\AppData\Local\Programs\MiKTeX\tex/latex/kvoptions\kvoptions
.sty
Package: kvoptions 2020-10-07 v3.14 Key value format for package options (HO)
))
\c@section@level=\count299
)
\@linkdim=\dimen176
\Hy@linkcounter=\count300
\Hy@pagecounter=\count301

(C:\Users\tim.esser\AppData\Local\Programs\MiKTeX\tex/latex/hyperref\pd1enc.def
File: pd1enc.def 2022-05-17 v7.00q Hyperref: PDFDocEncoding definition (HO)
Now handling font encoding PD1 ...
... no UTF-8 mapping file for font encoding PD1
)
(C:\Users\tim.esser\AppData\Local\Programs\MiKTeX\tex/generic/intcalc\intcalc.s
ty
Package: intcalc 2019/12/15 v1.3 Expandable calculations with integers (HO)
)
(C:\Users\tim.esser\AppData\Local\Programs\MiKTeX\tex/generic/etexcmds\etexcmds
.sty
Package: etexcmds 2019/12/15 v1.7 Avoid name clashes with e-TeX commands (HO)
)
\Hy@SavedSpaceFactor=\count302

(C:\Users\tim.esser\AppData\Local\Programs\MiKTeX\tex/latex/hyperref\puenc.def
File: puenc.def 2022-05-17 v7.00q Hyperref: PDF Unicode definition (HO)
Now handling font encoding PU ...
... no UTF-8 mapping file for font encoding PU
)
Package hyperref Info: Option `colorlinks' set `true' on input line 4020.
Package hyperref Info: Option `bookmarks' set `true' on input line 4020.
Package hyperref Info: Option `bookmarksopen' set `true' on input line 4020.
Package hyperref Info: Option `bookmarksnumbered' set `true' on input line 4020
.
Package hyperref Info: Option `pdfusetitle' set `true' on input line 4020.
Package hyperref Info: Option `hyperfootnotes' set `true' on input line 4020.
Package hyperref Info: Option `hyperindex' set `true' on input line 4020.
Package hyperref Info: Option `colorlinks' set `true' on input line 4020.
Package hyperref Info: Hyper figures OFF on input line 4139.
Package hyperref Info: Link nesting OFF on input line 4144.
Package hyperref Info: Hyper index ON on input line 4147.
Package hyperref Info: Plain pages OFF on input line 4154.
Package hyperref Info: Backreferencing OFF on input line 4159.
Package hyperref Info: Implicit mode ON; LaTeX internals redefined.
Package hyperref Info: Bookmarks ON on input line 4385.
\c@Hy@tempcnt=\count303
(C:\Users\tim.esser\AppData\Local\Programs\MiKTeX\tex/latex/url\url.sty
\Urlmuskip=\muskip17
Package: url 2013/09/16  ver 3.4  Verb mode for urls, etc.
)
LaTeX Info: Redefining \url on input line 4723.
\XeTeXLinkMargin=\dimen177

(C:\Users\tim.esser\AppData\Local\Programs\MiKTeX\tex/generic/bitset\bitset.sty
Package: bitset 2019/12/09 v1.3 Handle bit-vector datatype (HO)

(C:\Users\tim.esser\AppData\Local\Programs\MiKTeX\tex/generic/bigintcalc\bigint
calc.sty
Package: bigintcalc 2019/12/15 v1.5 Expandable calculations on big integers (HO
)
))
\Fld@menulength=\count304
\Field@Width=\dimen178
\Fld@charsize=\dimen179
\Field@toks=\toks26
Package hyperref Info: Hyper figures OFF on input line 6001.
Package hyperref Info: Link nesting OFF on input line 6006.
Package hyperref Info: Hyper index ON on input line 6009.
Package hyperref Info: backreferencing OFF on input line 6016.
Package hyperref Info: Link coloring ON on input line 6019.
Package hyperref Info: Link coloring with OCG OFF on input line 6026.
Package hyperref Info: PDF/A mode OFF on input line 6031.
\Hy@abspage=\count305


Package hyperref Message: Stopped early.

)
Package hyperref Info: Driver: htex4ht.

(C:\Users\tim.esser\AppData\Local\Programs\MiKTeX\tex/latex/hyperref\htex4ht.de
f
File: htex4ht.def 2022-05-17 v7.00q Hyperref driver for TeX4ht
Package hyperref Info: tex4ht is already loaded.
)
(C:\Users\tim.esser\AppData\Local\Programs\MiKTeX\tex/latex/oberdiek\hypcap.sty
Package: hypcap 2016/05/16 v1.12 Adjusting the anchors of captions (HO)
)
(C:\Users\tim.esser\AppData\Local\Programs\MiKTeX\tex/generic/tex4ht\tex4ht.4ht
version 2021-06-20-15:33
--------------------------------------
--- Note --- for additional information, use the command line option `info'
--------------------------------------
::::::::::::::::::::::::::::::::::::::::::
 TeX4ht info is available in the log file 
::::::::::::::::::::::::::::::::::::::::::
)
(C:\Users\tim.esser\AppData\Local\Programs\MiKTeX\tex/generic/tex4ht\tex4ht.sty
version 2021-09-14-14:11
l.855 --- TeX4ht warning --- nonprimitive \everypar ---
--- needs --- tex4ht changelog ---
\tmp:cnt=\count306
\openout15 = `changelog.tmp'.

(changelog.tmp)
\tmp:dim=\skip81
--------------------------------------
--- Note --- for XML code, use the command line option `xml' or `xhtml'
--------------------------------------
 (changelog.xref)
\:refout=\write3
\openout3 = `changelog.xref'.


(C:\Users\tim.esser\AppData\Local\Programs\MiKTeX\tex/generic/tex4ht\html4.4ht
version 2022-03-08-13:51
--------------------------------------
--- Note --- to remove the <?xml version=...?> processing instruction use the c
ommand line option `no-VERSION'
--------------------------------------
--------------------------------------
--- Note --- to remove the DOCTYPE declaration use the command line option `no-
DOCTYPE'
--------------------------------------
)
(C:\Users\tim.esser\AppData\Local\Programs\MiKTeX\tex/generic/tex4ht\html4-math
.4ht
version 2022-02-28-13:22
)
--------------------------------------
--- Note --- for marking of the base font, use the command line option `fonts+'

--------------------------------------
--------------------------------------
--- Note --- for non active _, use the command line option `no_'
--------------------------------------
--------------------------------------
--- Note --- for _ of catcode 13, use the command line option `_13'
--------------------------------------
--------------------------------------
--- Note --- for non active ^, use the command line option `no^'
--------------------------------------
--------------------------------------
--- Note --- for ^ of catcode 13, use the command line option `^13'
--------------------------------------

(C:\Users\tim.esser\AppData\Local\Programs\MiKTeX\tex/generic/tex4ht\html4.4ht
version 2022-03-08-13:51
--------------------------------------
--- Note --- for alternative charset, use the command line option `charset=...'

--------------------------------------
--------------------------------------
--- Note --- to ignore CSS font decoration, use the `NoFonts' command line opti
on
--------------------------------------
--------------------------------------
--- Note --- for jpg bitmaps of pictures, use the `jpg' command line option. (C
haracter bitmaps are controled only by `g' records of tex4ht.env and `-g' switc
hes of tex4ht.c) 
--------------------------------------
--------------------------------------
--- Note --- for gif bitmaps of pictures, use the `gif' command line option. (C
haracter bitmaps are controled only by `g' records of tex4ht.env and `-g' switc
hes of tex4ht.c) 
--------------------------------------
--------------------------------------
--- Note --- for content and toc in 2 frames, use the command line option `fram
es'
--------------------------------------
--------------------------------------
--- Note --- for content, toc, and footnotes in 3 frames, use the command line 
option `frames-fn'
--------------------------------------
--------------------------------------
--- Note --- for file extension name xht, use the command line option `xht'
--------------------------------------
TeX4ht package options: html
--------------------------------------
--- Note --- To print a timestamp, use the command line option timestamp
--------------------------------------
--------------------------------------
--- Note --- to ignore CSS code, use the command line option `-css
--------------------------------------
--------------------------------------
--- Note --- for inline CSS code, use the command line option `css-in'
--------------------------------------
--------------------------------------
--- Note --- for pop ups on mouse over, use the command line option `mouseover'

--------------------------------------
--------------------------------------
--- Note --- for addressing images in a subdirectory, use the command line opti
on `imgdir:.../'
--------------------------------------
)
(C:\Users\tim.esser\AppData\Local\Programs\MiKTeX\tex/generic/tex4ht\html4-math
.4ht
version 2022-02-28-13:22
)
\:tokwrite=\toks27
\:tokpage=\toks28
--------------------------------------
--- Note --- for back links to toc, use the command line option `sections+'
--------------------------------------
--------------------------------------
--- Note --- for linear crosslinks of pages, use the command line option `next'

--------------------------------------
\openout15 = `changelog.4ct'.

\:tocout=\write4
\openout4 = `changelog.4tc'.


(C:\Users\tim.esser\AppData\Local\Programs\MiKTeX\tex/generic/tex4ht\html4.4ht
version 2022-03-08-13:51
)
(C:\Users\tim.esser\AppData\Local\Programs\MiKTeX\tex/generic/tex4ht\html4-math
.4ht
version 2022-02-28-13:22
)
(C:\Users\tim.esser\AppData\Local\Programs\MiKTeX\tex/generic/tex4ht\latex.4ht
version 2022-02-01-14:27
LaTeX Info: Redefining \_ on input line 173.
LaTeX Info: Redefining \, on input line 792.
LaTeX Info: Redefining \; on input line 793.
LaTeX Info: Redefining \! on input line 794.
LaTeX Info: Redefining \: on input line 795.
LaTeX Info: Redefining \> on input line 796.
--------------------------------------
--- Note --- for links into captions, instead of float heads, use the command l
ine option `refcaption'
--------------------------------------

(C:\Users\tim.esser\AppData\Local\Programs\MiKTeX\tex/generic/tex4ht\html4.4ht
version 2022-03-08-13:51
)
(C:\Users\tim.esser\AppData\Local\Programs\MiKTeX\tex/generic/tex4ht\html4-math
.4ht
version 2022-02-28-13:22
)
(C:\Users\tim.esser\AppData\Local\Programs\MiKTeX\tex/generic/tex4ht\html4.4ht
version 2022-03-08-13:51
--------------------------------------
--- Note --- For mini tocs immediately aftter the header use the command line o
ption `minitoc<'
--------------------------------------
--------------------------------------
--- Note --- for enumerated list elements with valued data, use the command lin
e option `enumerate+'
--------------------------------------
--------------------------------------
--- Note --- for enumerated list elements li's with value attributes, use the c
ommand line option `enumerate-'
--------------------------------------
--------------------------------------
--- Note --- for CSS2 code, use the command line option `css2'
--------------------------------------
--------------------------------------
--- Note --- for pictorial tabular, use the command line option `pic-tabular'
--------------------------------------
--------------------------------------
--- Note --- for bitmap fbox'es, use the command line option `pic-fbox'
--------------------------------------
--------------------------------------
--- Note --- for bitmap framebox'es, use the command line option `pic-framebox'

--------------------------------------
--------------------------------------
--- Note --- for inline footnotes use command line option `fn-in'
--------------------------------------
--------------------------------------
--- Note --- for tracing of latex font commands, use the command line option `f
onts'
--------------------------------------
--------------------------------------
--- Note --- for width specifications of tabular p entries, use the `p-width' c
ommand line option or a configuration similar to \Configure{HColWidth}{\HCode{ 
style="width:\HColWidth"}}
--------------------------------------
)
(C:\Users\tim.esser\AppData\Local\Programs\MiKTeX\tex/generic/tex4ht\html4-math
.4ht
version 2022-02-28-13:22
--------------------------------------
--- Note --- for pictorial eqnarray, use the command line option `pic-eqnarray'

--------------------------------------
--------------------------------------
--- Note --- for pictorial array, use the command line option `pic-array'
--------------------------------------
--------------------------------------
--- Note --- for pictorial $...$ environments, use the command line option `pic
-m' (not recommended!!)
--------------------------------------
--------------------------------------
--- Note --- for pictorial $...$ and $$...$$ environments with latex alt, use t
he command line option `pic-m+' (not safe!!)
--------------------------------------
--------------------------------------
--- Note --- for pictorial array, use the command line option `pic-array'
--------------------------------------
))
(C:\Users\tim.esser\AppData\Local\Programs\MiKTeX\tex/generic/tex4ht\fontmath.4
ht
version 2018-11-06-15:55

(C:\Users\tim.esser\AppData\Local\Programs\MiKTeX\tex/generic/tex4ht\html4.4ht
version 2022-03-08-13:51
)
(C:\Users\tim.esser\AppData\Local\Programs\MiKTeX\tex/generic/tex4ht\html4-math
.4ht
version 2022-02-28-13:22
))
(C:\Users\tim.esser\AppData\Local\Programs\MiKTeX\tex/generic/tex4ht\scrartcl.4
ht
version 2021-10-19-14:11

(C:\Users\tim.esser\AppData\Local\Programs\MiKTeX\tex/generic/tex4ht\article.4h
t
version 2022-02-22-13:25

(C:\Users\tim.esser\AppData\Local\Programs\MiKTeX\tex/generic/tex4ht\html4.4ht
version 2022-03-08-13:51
--------------------------------------
--- Note --- for automatic sectioning pagination, use the command line option `
1', `2', `3', '4', '5', '6', or '7'
--------------------------------------
--------------------------------------
--- Note --- for files named derived from section titles, use the command line 
option `sec-filename'
--------------------------------------
--------------------------------------
--- Note --- for i-columns index, use the command line option `index=i' (e.g., 
index=2)
--------------------------------------
)
(C:\Users\tim.esser\AppData\Local\Programs\MiKTeX\tex/generic/tex4ht\html4-math
.4ht
version 2022-02-28-13:22
))
(C:\Users\tim.esser\AppData\Local\Programs\MiKTeX\tex/generic/tex4ht\html4.4ht
version 2022-03-08-13:51
)
(C:\Users\tim.esser\AppData\Local\Programs\MiKTeX\tex/generic/tex4ht\html4-math
.4ht
version 2022-02-28-13:22
))
(C:\Users\tim.esser\AppData\Local\Programs\MiKTeX\tex/generic/tex4ht\inputenc.4
ht
version 2009-05-21-09:32

(C:\Users\tim.esser\AppData\Local\Programs\MiKTeX\tex/generic/tex4ht\html4.4ht
version 2022-03-08-13:51
)
(C:\Users\tim.esser\AppData\Local\Programs\MiKTeX\tex/generic/tex4ht\html4-math
.4ht
version 2022-02-28-13:22
))
(C:\Users\tim.esser\AppData\Local\Programs\MiKTeX\tex/generic/tex4ht\graphicx.4
ht
version 2022-01-12-13:53

(C:\Users\tim.esser\AppData\Local\Programs\MiKTeX\tex/generic/tex4ht\html4.4ht
version 2022-03-08-13:51
)
(C:\Users\tim.esser\AppData\Local\Programs\MiKTeX\tex/generic/tex4ht\html4-math
.4ht
version 2022-02-28-13:22
))
(C:\Users\tim.esser\AppData\Local\Programs\MiKTeX\tex/generic/tex4ht\graphics.4
ht
version 2021-08-12-13:49

(C:\Users\tim.esser\AppData\Local\Programs\MiKTeX\tex/generic/tex4ht\html4.4ht
version 2022-03-08-13:51
--------------------------------------
--- Note --- if included graphics are of degraded quality, try the command line
 options `graphics-num' or `graphics-'. The `num' should provide the density of
 pixels in the bitmaps (e.g., 110). 
--------------------------------------
--------------------------------------
--- Note --- for key dimensions try the option `Gin-dim'; for key dimensions wh
en bounding box is unavailable try `Gin-dim+'; neither is recommended
--------------------------------------
)
(C:\Users\tim.esser\AppData\Local\Programs\MiKTeX\tex/generic/tex4ht\html4-math
.4ht
version 2022-02-28-13:22
))
(C:\Users\tim.esser\AppData\Local\Programs\MiKTeX\tex/generic/tex4ht\dvips.4ht
version 2009-05-21-09:32

(C:\Users\tim.esser\AppData\Local\Programs\MiKTeX\tex/generic/tex4ht\html4.4ht
version 2022-03-08-13:51
)
(C:\Users\tim.esser\AppData\Local\Programs\MiKTeX\tex/generic/tex4ht\html4-math
.4ht
version 2022-02-28-13:22
))
(C:\Users\tim.esser\AppData\Local\Programs\MiKTeX\tex/generic/tex4ht\booktabs.4
ht
version 2009-05-21-09:32

(C:\Users\tim.esser\AppData\Local\Programs\MiKTeX\tex/generic/tex4ht\html4.4ht
version 2022-03-08-13:51
)
(C:\Users\tim.esser\AppData\Local\Programs\MiKTeX\tex/generic/tex4ht\html4-math
.4ht
version 2022-02-28-13:22
))
(C:\Users\tim.esser\AppData\Local\Programs\MiKTeX\tex/generic/tex4ht\amsmath.4h
t
version 2019-12-29-14:17
\tmp:muskip=\muskip18

(C:\Users\tim.esser\AppData\Local\Programs\MiKTeX\tex/generic/tex4ht\html4.4ht
version 2022-03-08-13:51
)
(C:\Users\tim.esser\AppData\Local\Programs\MiKTeX\tex/generic/tex4ht\html4-math
.4ht
version 2022-02-28-13:22
LaTeX Info: Redefining \[ on input line 506.
LaTeX Info: Redefining \] on input line 506.
))
(C:\Users\tim.esser\AppData\Local\Programs\MiKTeX\tex/generic/tex4ht\amstext.4h
t
version 2009-05-21-09:32

(C:\Users\tim.esser\AppData\Local\Programs\MiKTeX\tex/generic/tex4ht\html4.4ht
version 2022-03-08-13:51
)
(C:\Users\tim.esser\AppData\Local\Programs\MiKTeX\tex/generic/tex4ht\html4-math
.4ht
version 2022-02-28-13:22
))
(C:\Users\tim.esser\AppData\Local\Programs\MiKTeX\tex/generic/tex4ht\amsbsy.4ht
version 2009-05-21-09:32
(C:\Users\tim.esser\AppData\Local\Programs\MiKTeX\tex/generic/tex4ht\html4.4ht
version 2022-03-08-13:51
)
(C:\Users\tim.esser\AppData\Local\Programs\MiKTeX\tex/generic/tex4ht\html4-math
.4ht
version 2022-02-28-13:22
))
(C:\Users\tim.esser\AppData\Local\Programs\MiKTeX\tex/generic/tex4ht\amsopn.4ht
version 2009-05-21-09:32
(C:\Users\tim.esser\AppData\Local\Programs\MiKTeX\tex/generic/tex4ht\html4.4ht
version 2022-03-08-13:51
)
(C:\Users\tim.esser\AppData\Local\Programs\MiKTeX\tex/generic/tex4ht\html4-math
.4ht
version 2022-02-28-13:22
))
(C:\Users\tim.esser\AppData\Local\Programs\MiKTeX\tex/latex/mhchem\mhchem.4ht)
(C:\Users\tim.esser\AppData\Local\Programs\MiKTeX\tex/generic/tex4ht\siunitx.4h
t
version 2021-08-22-10:49

(C:\Users\tim.esser\AppData\Local\Programs\MiKTeX\tex/generic/tex4ht\html4.4ht
version 2022-03-08-13:51
)
(C:\Users\tim.esser\AppData\Local\Programs\MiKTeX\tex/generic/tex4ht\html4-math
.4ht
version 2022-02-28-13:22
))
(C:\Users\tim.esser\AppData\Local\Programs\MiKTeX\tex/generic/tex4ht\array.4ht
version 2009-05-21-09:32

(C:\Users\tim.esser\AppData\Local\Programs\MiKTeX\tex/generic/tex4ht\html4.4ht
version 2022-03-08-13:51
)
(C:\Users\tim.esser\AppData\Local\Programs\MiKTeX\tex/generic/tex4ht\html4-math
.4ht
version 2022-02-28-13:22
--------------------------------------
--- Note --- for pictorial array, use the command line option `pic-array'
--------------------------------------
))
(C:\Users\tim.esser\AppData\Local\Programs\MiKTeX\tex/generic/tex4ht\xcolor.4ht
version 2019-04-09-10:06
(C:\Users\tim.esser\AppData\Local\Programs\MiKTeX\tex/generic/tex4ht\color.4ht
version 2022-02-01-14:27

(C:\Users\tim.esser\AppData\Local\Programs\MiKTeX\tex/generic/tex4ht\html4.4ht
version 2022-03-08-13:51
)
(C:\Users\tim.esser\AppData\Local\Programs\MiKTeX\tex/generic/tex4ht\html4-math
.4ht
version 2022-02-28-13:22
))
(C:\Users\tim.esser\AppData\Local\Programs\MiKTeX\tex/generic/tex4ht\html4.4ht
version 2022-03-08-13:51
)
(C:\Users\tim.esser\AppData\Local\Programs\MiKTeX\tex/generic/tex4ht\html4-math
.4ht
version 2022-02-28-13:22
))
(C:\Users\tim.esser\AppData\Local\Programs\MiKTeX\tex/generic/tex4ht\color.4ht
version 2022-02-01-14:27
)
(C:\Users\tim.esser\AppData\Local\Programs\MiKTeX\tex/generic/tex4ht\dvipsnam.4
ht
version 2009-05-21-09:32

(C:\Users\tim.esser\AppData\Local\Programs\MiKTeX\tex/latex/graphics\dvipsnam.d
ef)
(C:\Users\tim.esser\AppData\Local\Programs\MiKTeX\tex/generic/tex4ht\html4.4ht
version 2022-03-08-13:51
)
(C:\Users\tim.esser\AppData\Local\Programs\MiKTeX\tex/generic/tex4ht\html4-math
.4ht
version 2022-02-28-13:22
))
(C:\Users\tim.esser\AppData\Local\Programs\MiKTeX\tex/generic/tex4ht\hyperref.4
ht
version 2021-05-16-13:57
LaTeX Info: Redefining \autoref on input line 88.
\Hy@SectionHShift=\skip82

(C:\Users\tim.esser\AppData\Local\Programs\MiKTeX\tex/generic/tex4ht\html4.4ht
version 2022-03-08-13:51
)
(C:\Users\tim.esser\AppData\Local\Programs\MiKTeX\tex/generic/tex4ht\html4-math
.4ht
version 2022-02-28-13:22
))
(C:\Users\tim.esser\AppData\Local\Programs\MiKTeX\tex/generic/tex4ht\nameref.4h
t
version 2021-02-03-14:57

(C:\Users\tim.esser\AppData\Local\Programs\MiKTeX\tex/generic/tex4ht\html4.4ht
version 2022-03-08-13:51
)
(C:\Users\tim.esser\AppData\Local\Programs\MiKTeX\tex/generic/tex4ht\html4-math
.4ht
version 2022-02-28-13:22
))
(C:\Users\tim.esser\AppData\Local\Programs\MiKTeX\tex/generic/tex4ht\pd1enc.4ht
version 2009-05-21-09:32
(C:\Users\tim.esser\AppData\Local\Programs\MiKTeX\tex/generic/tex4ht\html4.4ht
version 2022-03-08-13:51
)
(C:\Users\tim.esser\AppData\Local\Programs\MiKTeX\tex/generic/tex4ht\html4-math
.4ht
version 2022-02-28-13:22
))
(C:\Users\tim.esser\AppData\Local\Programs\MiKTeX\tex/generic/tex4ht\url.4ht
version 2022-01-02-14:32

(C:\Users\tim.esser\AppData\Local\Programs\MiKTeX\tex/generic/tex4ht\html4.4ht
version 2022-03-08-13:51
--------------------------------------
--- Note --- for URL encoding within href use the command line option `url-enc'

--------------------------------------
)
(C:\Users\tim.esser\AppData\Local\Programs\MiKTeX\tex/generic/tex4ht\html4-math
.4ht
version 2022-02-28-13:22
))
(C:\Users\tim.esser\AppData\Local\Programs\MiKTeX\tex/generic/tex4ht\hypcap.4ht
version 2009-05-21-09:32
(C:\Users\tim.esser\AppData\Local\Programs\MiKTeX\tex/generic/tex4ht\html4.4ht
version 2022-03-08-13:51
)
(C:\Users\tim.esser\AppData\Local\Programs\MiKTeX\tex/generic/tex4ht\html4-math
.4ht
version 2022-02-28-13:22
))
(C:\Users\tim.esser\AppData\Local\Programs\MiKTeX\tex/generic/tex4ht\html4.4ht
version 2022-03-08-13:51
)
(C:\Users\tim.esser\AppData\Local\Programs\MiKTeX\tex/generic/tex4ht\html4-math
.4ht
version 2022-02-28-13:22
))
Package translations Info: No language package found. I am going to use `englis
h' as default language. on input line 44.
LaTeX Font Info:    Trying to load font information for T1+ptm on input line 44
.

(C:\Users\tim.esser\AppData\Local\Programs\MiKTeX\tex/latex/psnfss\t1ptm.fd
File: t1ptm.fd 2001/06/04 font definitions for T1/ptm.
)
(changelog.aux)
\openout1 = `changelog.aux'.

LaTeX Font Info:    Checking defaults for OML/cmm/m/it on input line 44.
LaTeX Font Info:    ... okay on input line 44.
LaTeX Font Info:    Checking defaults for OMS/cmsy/m/n on input line 44.
LaTeX Font Info:    ... okay on input line 44.
LaTeX Font Info:    Checking defaults for OT1/cmr/m/n on input line 44.
LaTeX Font Info:    ... okay on input line 44.
LaTeX Font Info:    Checking defaults for T1/cmr/m/n on input line 44.
LaTeX Font Info:    ... okay on input line 44.
LaTeX Font Info:    Checking defaults for TS1/cmr/m/n on input line 44.
LaTeX Font Info:    ... okay on input line 44.
LaTeX Font Info:    Checking defaults for OMX/cmex/m/n on input line 44.
LaTeX Font Info:    ... okay on input line 44.
LaTeX Font Info:    Checking defaults for U/cmr/m/n on input line 44.
LaTeX Font Info:    ... okay on input line 44.
LaTeX Font Info:    Checking defaults for PD1/pdf/m/n on input line 44.
LaTeX Font Info:    ... okay on input line 44.
LaTeX Font Info:    Checking defaults for PU/pdf/m/n on input line 44.
LaTeX Font Info:    ... okay on input line 44.
Package scrbase Info: activating english \abstractname on input line 44.
Package scrbase Info: activating english \partname on input line 44.
Package scrbase Info: activating english \figurename on input line 44.
Package scrbase Info: activating english \tablename on input line 44.
Package scrbase Info: activating english \contentsname on input line 44.
Package scrbase Info: activating english \listfigurename on input line 44.
Package scrbase Info: activating english \listtablename on input line 44.
Package scrbase Info: activating english \refname on input line 44.
Package scrbase Info: activating english \indexname on input line 44.

Package chemgreek Info: Activating mapping `default' on line 44.


(C:\Users\tim.esser\AppData\Local\Programs\MiKTeX\tex/latex/translations/dicts\
translations-basic-dictionary-english.trsl
File: translations-basic-dictionary-english.trsl (english translation file `tra
nslations-basic-dictionary')
)
Package translations Info: loading dictionary `translations-basic-dictionary' f
or `english'. on input line 44.
Package hyperref Info: Link coloring ON on input line 44.
Class scrartcl Info: loading recommended package `bookmark'.
(scrartcl)           Using `bookmark' together with `hyperref' is recommended,
(scrartcl)           because of handling of possible bookmark level gaps.
(scrartcl)           You can avoid loading `bookmark' with KOMA-Script option
(scrartcl)           `bookmarkpackage=false' before \begin{document} and
(scrartcl)           you can avoid this message adding:
(scrartcl)             \usepackage{bookmark}
(scrartcl)           before \begin{document} on input line 44.

(C:\Users\tim.esser\AppData\Local\Programs\MiKTeX\tex/latex/bookmark\bookmark.s
ty
Package: bookmark 2020-11-06 v1.29 PDF bookmarks (HO)

(C:\Users\tim.esser\AppData\Local\Programs\MiKTeX\tex/generic/tex4ht\hyperref-h
ooks.4ht
version 2022-02-22-13:25
)
(C:\Users\tim.esser\AppData\Local\Programs\MiKTeX\tex/latex/bookmark\bkm-dvips.
def
File: bkm-dvips.def 2020-11-06 v1.29 bookmark driver for dvips (HO)
\BKM@id=\count307
))
--- file changelog.css ---
LaTeX Font Info:    Trying to load font information for T1+phv on input line 53
.

(C:\Users\tim.esser\AppData\Local\Programs\MiKTeX\tex/latex/psnfss\t1phv.fd
File: t1phv.fd 2020/03/25 scalable font definitions for T1/phv.
)
LaTeX Font Info:    Font shape `T1/phv/m/n' will be
(Font)              scaled to size 10.40245pt on input line 53.
LaTeX Font Info:    Font shape `T1/phv/b/n' will be
(Font)              scaled to size 10.40245pt on input line 53.
LaTeX Font Info:    Font shape `T1/phv/b/n' will be
(Font)              scaled to size 13.67995pt on input line 53.
LaTeX Font Info:    Trying to load font information for T1+pcr on input line 53
.

(C:\Users\tim.esser\AppData\Local\Programs\MiKTeX\tex/latex/psnfss\t1pcr.fd
File: t1pcr.fd 2001/06/04 font definitions for T1/pcr.
)
(changelog.4ct)
LaTeX Font Info:    Font shape `T1/phv/b/n' will be
(Font)              scaled to size 11.39996pt on input line 63.
LaTeX Font Info:    Trying to load font information for TS1+ptm on input line 6
5.

(C:\Users\tim.esser\AppData\Local\Programs\MiKTeX\tex/latex/psnfss\ts1ptm.fd
File: ts1ptm.fd 2001/06/04 font definitions for TS1/ptm.
)
[1

]

LaTeX Warning: Reference `sec:plugins' on page 2 undefined on input line 78.

[2] [3] [4]
\BKM@file=\write5
\openout5 = `changelog.out.ps'.

 [5] (changelog.aux)

LaTeX Warning: There were undefined references.

 ) 
Here is how much of TeX's memory you used:
 22161 strings out of 478355
 427991 string characters out of 2835256
 957799 words of memory out of 3000000
 40183 multiletter control sequences out of 15000+600000
 484549 words of font info for 41 fonts, out of 8000000 for 9000
 1141 hyphenation exceptions out of 8191
 108i,5n,109p,11088b,1004s stack positions out of 10000i,1000n,20000p,200000b,80000s

Output written on changelog.dvi (5 pages, 26076 bytes).
