DEBUG:h5py._conv:Creating converter from 7 to 5
DEBUG:h5py._conv:Creating converter from 5 to 7
DEBUG:h5py._conv:Creating converter from 7 to 5
DEBUG:h5py._conv:Creating converter from 5 to 7
DEBUG:root:Processing: what=module, name=esibd.plugins
DEBUG:root:Processing: what=class, name=esibd.plugins.ChannelManager
DEBUG:root:Processing: what=class, name=esibd.plugins.ChannelManager.ChannelPlot
DEBUG:root:Processing: what=method, name=esibd.plugins.ChannelManager.ChannelPlot.finalizeInit
DEBUG:root:Processing: what=method, name=esibd.plugins.ChannelManager.ChannelPlot.getIcon
DEBUG:root:Processing: what=method, name=esibd.plugins.ChannelManager.ChannelPlot.initFig
DEBUG:root:Processing: what=method, name=esibd.plugins.ChannelManager.ChannelPlot.initGUI
DEBUG:root:Processing: what=attribute, name=esibd.plugins.ChannelManager.ChannelPlot.name
DEBUG:root:Processing: what=method, name=esibd.plugins.ChannelManager.ChannelPlot.plot
DEBUG:root:Processing: what=attribute, name=esibd.plugins.ChannelManager.ChannelPlot.pluginType
DEBUG:root:Processing: what=method, name=esibd.plugins.ChannelManager.ChannelPlot.provideDock
DEBUG:root:Processing: what=method, name=esibd.plugins.ChannelManager.ChannelPlot.runTestParallel
DEBUG:root:Processing: what=attribute, name=esibd.plugins.ChannelManager.ChannelPlot.version
DEBUG:root:Processing: what=class, name=esibd.plugins.ChannelManager.SignalCommunicate
DEBUG:root:Processing: what=attribute, name=esibd.plugins.ChannelManager.SignalCommunicate.plotSignal
DEBUG:root:Processing: what=method, name=esibd.plugins.ChannelManager.addChannel
DEBUG:root:Processing: what=method, name=esibd.plugins.ChannelManager.channelConfigChanged
DEBUG:root:Processing: what=class, name=esibd.plugins.ChannelManager.channelType
DEBUG:root:Processing: what=attribute, name=esibd.plugins.ChannelManager.channels
DEBUG:root:Processing: what=method, name=esibd.plugins.ChannelManager.close
DEBUG:root:Processing: what=method, name=esibd.plugins.ChannelManager.closeCommunication
DEBUG:root:Processing: what=method, name=esibd.plugins.ChannelManager.compareItemsConfig
DEBUG:root:Processing: what=method, name=esibd.plugins.ChannelManager.convertDataDisplay
DEBUG:root:Processing: what=method, name=esibd.plugins.ChannelManager.exportConfiguration
DEBUG:root:Processing: what=method, name=esibd.plugins.ChannelManager.finalizeInit
DEBUG:root:Processing: what=method, name=esibd.plugins.ChannelManager.getChannelByName
DEBUG:root:Processing: what=method, name=esibd.plugins.ChannelManager.getDefaultSettings
DEBUG:root:Processing: what=method, name=esibd.plugins.ChannelManager.getSelectedChannel
DEBUG:root:Processing: what=method, name=esibd.plugins.ChannelManager.initGUI
DEBUG:root:Processing: what=method, name=esibd.plugins.ChannelManager.initializeCommunication
DEBUG:root:Processing: what=method, name=esibd.plugins.ChannelManager.intervalChanged
DEBUG:root:Processing: what=method, name=esibd.plugins.ChannelManager.isOn
DEBUG:root:Processing: what=attribute, name=esibd.plugins.ChannelManager.liveDisplay
DEBUG:root:Processing: what=method, name=esibd.plugins.ChannelManager.loadConfiguration
DEBUG:root:Processing: what=method, name=esibd.plugins.ChannelManager.loadValues
DEBUG:root:Processing: what=method, name=esibd.plugins.ChannelManager.moveChannel
DEBUG:root:Processing: what=attribute, name=esibd.plugins.ChannelManager.name
DEBUG:root:Processing: what=attribute, name=esibd.plugins.ChannelManager.optional
DEBUG:root:Processing: what=attribute, name=esibd.plugins.ChannelManager.pluginType
DEBUG:root:Processing: what=attribute, name=esibd.plugins.ChannelManager.previewFileTypes
DEBUG:root:Processing: what=method, name=esibd.plugins.ChannelManager.runDataThread
DEBUG:root:Processing: what=attribute, name=esibd.plugins.ChannelManager.staticDisplay
DEBUG:root:Processing: what=method, name=esibd.plugins.ChannelManager.toggleRecording
DEBUG:root:Processing: what=method, name=esibd.plugins.ChannelManager.updateChannelConfig
DEBUG:root:Processing: what=attribute, name=esibd.plugins.ChannelManager.useBackgrounds
DEBUG:root:Processing: what=attribute, name=esibd.plugins.ChannelManager.useDisplays
DEBUG:root:Processing: what=attribute, name=esibd.plugins.ChannelManager.useMonitors
DEBUG:root:Processing: what=attribute, name=esibd.plugins.ChannelManager.useOnOffLogic
DEBUG:root:Processing: what=attribute, name=esibd.plugins.ChannelManager.version
DEBUG:root:Processing: what=class, name=esibd.plugins.Device
DEBUG:root:Processing: what=class, name=esibd.plugins.Device.SignalCommunicate
DEBUG:root:Processing: what=attribute, name=esibd.plugins.Device.SignalCommunicate.appendDataSignal
DEBUG:root:Processing: what=method, name=esibd.plugins.Device.appendOutputData
DEBUG:root:Processing: what=method, name=esibd.plugins.Device.applyValues
DEBUG:root:Processing: what=method, name=esibd.plugins.Device.close
DEBUG:root:Processing: what=method, name=esibd.plugins.Device.closeCommunication
DEBUG:root:Processing: what=attribute, name=esibd.plugins.Device.documentation
DEBUG:root:Processing: what=method, name=esibd.plugins.Device.getDefaultSettings
DEBUG:root:Processing: what=method, name=esibd.plugins.Device.getUnit
DEBUG:root:Processing: what=method, name=esibd.plugins.Device.initializeCommunication
DEBUG:root:Processing: what=method, name=esibd.plugins.Device.initialized
DEBUG:root:Processing: what=attribute, name=esibd.plugins.Device.inout
DEBUG:root:Processing: what=method, name=esibd.plugins.Device.intervalChanged
DEBUG:root:Processing: what=method, name=esibd.plugins.Device.moveChannel
DEBUG:root:Processing: what=attribute, name=esibd.plugins.Device.name
DEBUG:root:Processing: what=attribute, name=esibd.plugins.Device.optional
DEBUG:root:Processing: what=attribute, name=esibd.plugins.Device.pluginType
DEBUG:root:Processing: what=method, name=esibd.plugins.Device.restoreOutputData
DEBUG:root:Processing: what=method, name=esibd.plugins.Device.runDataThread
DEBUG:root:Processing: what=method, name=esibd.plugins.Device.setBackground
DEBUG:root:Processing: what=method, name=esibd.plugins.Device.startAcquisition
DEBUG:root:Processing: what=method, name=esibd.plugins.Device.stopAcquisition
DEBUG:root:Processing: what=method, name=esibd.plugins.Device.supportsFile
DEBUG:root:Processing: what=method, name=esibd.plugins.Device.toggleRecording
DEBUG:root:Processing: what=attribute, name=esibd.plugins.Device.unit
DEBUG:root:Processing: what=method, name=esibd.plugins.Device.updateValues
DEBUG:root:Processing: what=attribute, name=esibd.plugins.Device.useBackgrounds
DEBUG:root:Processing: what=attribute, name=esibd.plugins.Device.version
DEBUG:root:Processing: what=class, name=esibd.plugins.DeviceManager
DEBUG:root:Processing: what=class, name=esibd.plugins.DeviceManager.SignalCommunicate
DEBUG:root:Processing: what=attribute, name=esibd.plugins.DeviceManager.SignalCommunicate.closeCommunicationSignal
DEBUG:root:Processing: what=attribute, name=esibd.plugins.DeviceManager.SignalCommunicate.storeSignal
DEBUG:root:Processing: what=method, name=esibd.plugins.DeviceManager.closeCommunication
DEBUG:root:Processing: what=attribute, name=esibd.plugins.DeviceManager.documentation
DEBUG:root:Processing: what=method, name=esibd.plugins.DeviceManager.getChannelByName
DEBUG:root:Processing: what=attribute, name=esibd.plugins.DeviceManager.name
DEBUG:root:Processing: what=attribute, name=esibd.plugins.DeviceManager.optional
DEBUG:root:Processing: what=attribute, name=esibd.plugins.DeviceManager.pluginType
DEBUG:root:Processing: what=attribute, name=esibd.plugins.DeviceManager.previewFileTypes
DEBUG:root:Processing: what=method, name=esibd.plugins.DeviceManager.store
DEBUG:root:Processing: what=method, name=esibd.plugins.DeviceManager.toggleRecording
DEBUG:root:Processing: what=attribute, name=esibd.plugins.DeviceManager.version
DEBUG:root:Processing: what=class, name=esibd.plugins.LiveDisplay
DEBUG:root:Processing: what=method, name=esibd.plugins.LiveDisplay.clearPlot
DEBUG:root:Processing: what=method, name=esibd.plugins.LiveDisplay.copyClipboard
DEBUG:root:Processing: what=attribute, name=esibd.plugins.LiveDisplay.documentation
DEBUG:root:Processing: what=method, name=esibd.plugins.LiveDisplay.getDisplayTime
DEBUG:root:Processing: what=method, name=esibd.plugins.LiveDisplay.getIcon
DEBUG:root:Processing: what=method, name=esibd.plugins.LiveDisplay.initFig
DEBUG:root:Processing: what=method, name=esibd.plugins.LiveDisplay.plot
DEBUG:root:Processing: what=attribute, name=esibd.plugins.LiveDisplay.pluginType
DEBUG:root:Processing: what=class, name=esibd.plugins.PID
DEBUG:root:Processing: what=class, name=esibd.plugins.PID.PIDChannel
DEBUG:root:Processing: what=method, name=esibd.plugins.PID.PIDChannel.getDefaultChannel
DEBUG:root:Processing: what=method, name=esibd.plugins.PID.PIDChannel.initGUI
DEBUG:root:Processing: what=method, name=esibd.plugins.PID.PIDChannel.onDelete
DEBUG:root:Processing: what=method, name=esibd.plugins.PID.PIDChannel.setDisplayedParameters
DEBUG:root:Processing: what=method, name=esibd.plugins.PID.PIDChannel.tempParameters
DEBUG:root:Processing: what=method, name=esibd.plugins.PID.afterFinalizeInit
DEBUG:root:Processing: what=method, name=esibd.plugins.PID.getIcon
DEBUG:root:Processing: what=method, name=esibd.plugins.PID.loadConfiguration
DEBUG:root:Processing: what=method, name=esibd.plugins.PID.moveChannel
DEBUG:root:Processing: what=attribute, name=esibd.plugins.PID.name
DEBUG:root:Processing: what=attribute, name=esibd.plugins.PID.optional
DEBUG:root:Processing: what=attribute, name=esibd.plugins.PID.pluginType
DEBUG:root:Processing: what=attribute, name=esibd.plugins.PID.previewFileTypes
DEBUG:root:Processing: what=attribute, name=esibd.plugins.PID.version
DEBUG:root:Processing: what=class, name=esibd.plugins.Plugin
DEBUG:root:Processing: what=class, name=esibd.plugins.Plugin.SignalCommunicate
DEBUG:root:Processing: what=attribute, name=esibd.plugins.Plugin.SignalCommunicate.toggleTitleBarSignal
DEBUG:root:Processing: what=method, name=esibd.plugins.Plugin.about
DEBUG:root:Processing: what=method, name=esibd.plugins.Plugin.addAction
DEBUG:root:Processing: what=method, name=esibd.plugins.Plugin.addContentLayout
DEBUG:root:Processing: what=method, name=esibd.plugins.Plugin.addContentWidget
DEBUG:root:Processing: what=method, name=esibd.plugins.Plugin.addMultiStateAction
DEBUG:root:Processing: what=method, name=esibd.plugins.Plugin.addRightAxis
DEBUG:root:Processing: what=method, name=esibd.plugins.Plugin.addStateAction
DEBUG:root:Processing: what=method, name=esibd.plugins.Plugin.afterFinalizeInit
DEBUG:root:Processing: what=attribute, name=esibd.plugins.Plugin.axes
DEBUG:root:Processing: what=attribute, name=esibd.plugins.Plugin.canvas
DEBUG:root:Processing: what=method, name=esibd.plugins.Plugin.close
DEBUG:root:Processing: what=method, name=esibd.plugins.Plugin.closeGUI
DEBUG:root:Processing: what=method, name=esibd.plugins.Plugin.closeUserGUI
DEBUG:root:Processing: what=method, name=esibd.plugins.Plugin.copyClipboard
DEBUG:root:Processing: what=attribute, name=esibd.plugins.Plugin.dependencyPath
DEBUG:root:Processing: what=attribute, name=esibd.plugins.Plugin.dock
DEBUG:root:Processing: what=attribute, name=esibd.plugins.Plugin.documentation
DEBUG:root:Processing: what=attribute, name=esibd.plugins.Plugin.fig
DEBUG:root:Processing: what=method, name=esibd.plugins.Plugin.finalizeInit
DEBUG:root:Processing: what=method, name=esibd.plugins.Plugin.getDefaultSettings
DEBUG:root:Processing: what=method, name=esibd.plugins.Plugin.getIcon
DEBUG:root:Processing: what=method, name=esibd.plugins.Plugin.initDock
DEBUG:root:Processing: what=method, name=esibd.plugins.Plugin.initFig
DEBUG:root:Processing: what=method, name=esibd.plugins.Plugin.initGUI
DEBUG:root:Processing: what=attribute, name=esibd.plugins.Plugin.initializedDock
DEBUG:root:Processing: what=attribute, name=esibd.plugins.Plugin.initializedGUI
DEBUG:root:Processing: what=method, name=esibd.plugins.Plugin.labelPlot
DEBUG:root:Processing: what=method, name=esibd.plugins.Plugin.loadData
DEBUG:root:Processing: what=property, name=esibd.plugins.Plugin.loading
DEBUG:root:Processing: what=attribute, name=esibd.plugins.Plugin.lock
DEBUG:root:Processing: what=method, name=esibd.plugins.Plugin.makeFigureCanvasWithToolbar
DEBUG:root:Processing: what=method, name=esibd.plugins.Plugin.makeIcon
DEBUG:root:Processing: what=attribute, name=esibd.plugins.Plugin.name
DEBUG:root:Processing: what=attribute, name=esibd.plugins.Plugin.navToolBar
DEBUG:root:Processing: what=attribute, name=esibd.plugins.Plugin.optional
DEBUG:root:Processing: what=method, name=esibd.plugins.Plugin.plot
DEBUG:root:Processing: what=attribute, name=esibd.plugins.Plugin.pluginManager
DEBUG:root:Processing: what=attribute, name=esibd.plugins.Plugin.pluginType
DEBUG:root:Processing: what=attribute, name=esibd.plugins.Plugin.previewFileTypes
DEBUG:root:Processing: what=method, name=esibd.plugins.Plugin.print
DEBUG:root:Processing: what=method, name=esibd.plugins.Plugin.provideDock
DEBUG:root:Processing: what=method, name=esibd.plugins.Plugin.raiseDock
DEBUG:root:Processing: what=method, name=esibd.plugins.Plugin.requireGroup
DEBUG:root:Processing: what=method, name=esibd.plugins.Plugin.requiredPlugin
DEBUG:root:Processing: what=method, name=esibd.plugins.Plugin.runTestParallel
DEBUG:root:Processing: what=attribute, name=esibd.plugins.Plugin.scan
DEBUG:root:Processing: what=method, name=esibd.plugins.Plugin.setLabelMargin
DEBUG:root:Processing: what=attribute, name=esibd.plugins.Plugin.supportedVersion
DEBUG:root:Processing: what=method, name=esibd.plugins.Plugin.supportsFile
DEBUG:root:Processing: what=method, name=esibd.plugins.Plugin.test
DEBUG:root:Processing: what=method, name=esibd.plugins.Plugin.testControl
DEBUG:root:Processing: what=attribute, name=esibd.plugins.Plugin.titleBar
DEBUG:root:Processing: what=attribute, name=esibd.plugins.Plugin.titleBarLabel
DEBUG:root:Processing: what=method, name=esibd.plugins.Plugin.toggleTitleBar
DEBUG:root:Processing: what=method, name=esibd.plugins.Plugin.updateTheme
DEBUG:root:Processing: what=attribute, name=esibd.plugins.Plugin.version
DEBUG:root:Processing: what=method, name=esibd.plugins.Plugin.waitForCondition
DEBUG:root:Processing: what=class, name=esibd.plugins.Scan
DEBUG:root:Processing: what=class, name=esibd.plugins.Scan.ScanChannel
DEBUG:root:Processing: what=method, name=esibd.plugins.Scan.ScanChannel.getDefaultChannel
DEBUG:root:Processing: what=method, name=esibd.plugins.Scan.ScanChannel.initGUI
DEBUG:root:Processing: what=method, name=esibd.plugins.Scan.ScanChannel.onDelete
DEBUG:root:Processing: what=method, name=esibd.plugins.Scan.ScanChannel.setDisplayedParameters
DEBUG:root:Processing: what=method, name=esibd.plugins.Scan.ScanChannel.tempParameters
DEBUG:root:Processing: what=class, name=esibd.plugins.Scan.SignalCommunicate
DEBUG:root:Processing: what=attribute, name=esibd.plugins.Scan.SignalCommunicate.saveScanCompleteSignal
DEBUG:root:Processing: what=class, name=esibd.plugins.Scan.SignalCommunicate.scanUpdateSignal
DEBUG:root:Processing: what=class, name=esibd.plugins.Scan.SignalCommunicate.updateRecordingSignal
DEBUG:root:Processing: what=method, name=esibd.plugins.Scan.addInputChannel
DEBUG:root:Processing: what=method, name=esibd.plugins.Scan.afterFinalizeInit
DEBUG:root:Processing: what=attribute, name=esibd.plugins.Scan.channels
DEBUG:root:Processing: what=attribute, name=esibd.plugins.Scan.display
DEBUG:root:Processing: what=attribute, name=esibd.plugins.Scan.documentation
DEBUG:root:Processing: what=method, name=esibd.plugins.Scan.estimateScanTime
DEBUG:root:Processing: what=attribute, name=esibd.plugins.Scan.file
DEBUG:root:Processing: what=property, name=esibd.plugins.Scan.finished
DEBUG:root:Processing: what=method, name=esibd.plugins.Scan.generatePythonPlotCode
DEBUG:root:Processing: what=attribute, name=esibd.plugins.Scan.getChannelByName
DEBUG:root:Processing: what=method, name=esibd.plugins.Scan.getData
DEBUG:root:Processing: what=method, name=esibd.plugins.Scan.getOutputIndex
DEBUG:root:Processing: what=method, name=esibd.plugins.Scan.getSteps
DEBUG:root:Processing: what=method, name=esibd.plugins.Scan.initScan
DEBUG:root:Processing: what=attribute, name=esibd.plugins.Scan.inputs
DEBUG:root:Processing: what=method, name=esibd.plugins.Scan.loadDataInternal
DEBUG:root:Processing: what=attribute, name=esibd.plugins.Scan.measurementsPerStep
DEBUG:root:Processing: what=attribute, name=esibd.plugins.Scan.outputs
DEBUG:root:Processing: what=method, name=esibd.plugins.Scan.plot
DEBUG:root:Processing: what=method, name=esibd.plugins.Scan.pythonPlotCode
DEBUG:root:Processing: what=property, name=esibd.plugins.Scan.recording
DEBUG:root:Processing: what=method, name=esibd.plugins.Scan.run
DEBUG:root:Processing: what=attribute, name=esibd.plugins.Scan.runThread
DEBUG:root:Processing: what=method, name=esibd.plugins.Scan.saveData
DEBUG:root:Processing: what=method, name=esibd.plugins.Scan.saveScanParallel
DEBUG:root:Processing: what=method, name=esibd.plugins.Scan.toggleRecording
DEBUG:root:Processing: what=attribute, name=esibd.plugins.Scan.useDisplayChannel
DEBUG:root:Processing: what=class, name=esibd.plugins.Settings
DEBUG:root:Processing: what=method, name=esibd.plugins.Settings.getDefaultSettings
DEBUG:root:Processing: what=method, name=esibd.plugins.Settings.incrementMeasurementNumber
DEBUG:root:Processing: what=method, name=esibd.plugins.Settings.init
DEBUG:root:Processing: what=method, name=esibd.plugins.Settings.loadSettings
DEBUG:root:Processing: what=attribute, name=esibd.plugins.Settings.name
DEBUG:root:Processing: what=attribute, name=esibd.plugins.Settings.optional
DEBUG:root:Processing: what=attribute, name=esibd.plugins.Settings.pluginType
DEBUG:root:Processing: what=method, name=esibd.plugins.Settings.runTestParallel
DEBUG:root:Processing: what=method, name=esibd.plugins.Settings.updateSessionPath
DEBUG:root:Processing: what=attribute, name=esibd.plugins.Settings.version
DEBUG:root:Processing: what=class, name=esibd.plugins.SettingsManager
DEBUG:root:Processing: what=method, name=esibd.plugins.SettingsManager.initSettingsContextMenuBase
DEBUG:root:Processing: what=method, name=esibd.plugins.SettingsManager.loadSettings
DEBUG:root:Processing: what=attribute, name=esibd.plugins.SettingsManager.pluginType
DEBUG:root:Processing: what=method, name=esibd.plugins.SettingsManager.saveSettings
DEBUG:root:Processing: what=method, name=esibd.plugins.SettingsManager.updateSettings
DEBUG:root:Processing: what=attribute, name=esibd.plugins.SettingsManager.version
DEBUG:root:Processing: what=class, name=esibd.plugins.StaticDisplay
DEBUG:root:Processing: what=method, name=esibd.plugins.StaticDisplay.copyClipboard
DEBUG:root:Processing: what=method, name=esibd.plugins.StaticDisplay.getIcon
DEBUG:root:Processing: what=method, name=esibd.plugins.StaticDisplay.loadDataInternal
DEBUG:root:Processing: what=method, name=esibd.plugins.StaticDisplay.plot
DEBUG:root:Processing: what=attribute, name=esibd.plugins.StaticDisplay.pluginType
DEBUG:root:Processing: what=class, name=esibd.plugins.UCM
DEBUG:root:Processing: what=class, name=esibd.plugins.UCM.UCMChannel
DEBUG:root:Processing: what=method, name=esibd.plugins.UCM.UCMChannel.getDefaultChannel
DEBUG:root:Processing: what=method, name=esibd.plugins.UCM.UCMChannel.initGUI
DEBUG:root:Processing: what=method, name=esibd.plugins.UCM.UCMChannel.monitorChanged
DEBUG:root:Processing: what=method, name=esibd.plugins.UCM.UCMChannel.onDelete
DEBUG:root:Processing: what=method, name=esibd.plugins.UCM.UCMChannel.setDisplayedParameters
DEBUG:root:Processing: what=method, name=esibd.plugins.UCM.UCMChannel.tempParameters
DEBUG:root:Processing: what=method, name=esibd.plugins.UCM.afterFinalizeInit
DEBUG:root:Processing: what=attribute, name=esibd.plugins.UCM.documentation
DEBUG:root:Processing: what=method, name=esibd.plugins.UCM.getIcon
DEBUG:root:Processing: what=method, name=esibd.plugins.UCM.initGUI
DEBUG:root:Processing: what=method, name=esibd.plugins.UCM.loadConfiguration
DEBUG:root:Processing: what=method, name=esibd.plugins.UCM.moveChannel
DEBUG:root:Processing: what=attribute, name=esibd.plugins.UCM.name
DEBUG:root:Processing: what=attribute, name=esibd.plugins.UCM.optional
DEBUG:root:Processing: what=attribute, name=esibd.plugins.UCM.pluginType
DEBUG:root:Processing: what=attribute, name=esibd.plugins.UCM.previewFileTypes
DEBUG:root:Processing: what=method, name=esibd.plugins.UCM.toggleRecording
DEBUG:root:Processing: what=attribute, name=esibd.plugins.UCM.useMonitors
DEBUG:root:Processing: what=attribute, name=esibd.plugins.UCM.version
DEBUG:root:Processing: what=module, name=esibd.providePlugins
DEBUG:root:Processing: what=function, name=esibd.providePlugins.providePlugins
DEBUG:root:Processing: what=module, name=esibd.core
DEBUG:root:Processing: what=class, name=esibd.core.Action
DEBUG:root:Processing: what=class, name=esibd.core.Action.SignalCommunicate
DEBUG:root:Processing: what=class, name=esibd.core.Channel
DEBUG:root:Processing: what=class, name=esibd.core.Channel.SignalCommunicate
DEBUG:root:Processing: what=method, name=esibd.core.Channel.appendValue
DEBUG:root:Processing: what=method, name=esibd.core.Channel.asDict
DEBUG:root:Processing: what=attribute, name=esibd.core.Channel.backgrounds
DEBUG:root:Processing: what=attribute, name=esibd.core.Channel.device
DEBUG:root:Processing: what=attribute, name=esibd.core.Channel.displayedParameters
DEBUG:root:Processing: what=method, name=esibd.core.Channel.enabledChanged
DEBUG:root:Processing: what=method, name=esibd.core.Channel.getDefaultChannel
DEBUG:root:Processing: what=method, name=esibd.core.Channel.getSortedDefaultChannel
DEBUG:root:Processing: what=method, name=esibd.core.Channel.getValues
DEBUG:root:Processing: what=method, name=esibd.core.Channel.initGUI
DEBUG:root:Processing: what=method, name=esibd.core.Channel.initSettingsContextMenuBase
DEBUG:root:Processing: what=attribute, name=esibd.core.Channel.inout
DEBUG:root:Processing: what=method, name=esibd.core.Channel.insertDisplayedParameter
DEBUG:root:Processing: what=attribute, name=esibd.core.Channel.lastAppliedValue
DEBUG:root:Processing: what=method, name=esibd.core.Channel.monitorChanged
DEBUG:root:Processing: what=method, name=esibd.core.Channel.onDelete
DEBUG:root:Processing: what=attribute, name=esibd.core.Channel.parameters
DEBUG:root:Processing: what=attribute, name=esibd.core.Channel.plotCurve
DEBUG:root:Processing: what=attribute, name=esibd.core.Channel.print
DEBUG:root:Processing: what=method, name=esibd.core.Channel.setDisplayedParameters
DEBUG:root:Processing: what=method, name=esibd.core.Channel.tempParameters
DEBUG:root:Processing: what=attribute, name=esibd.core.Channel.tree
DEBUG:root:Processing: what=method, name=esibd.core.Channel.updateColor
DEBUG:root:Processing: what=attribute, name=esibd.core.Channel.values
DEBUG:root:Processing: what=class, name=esibd.core.CheckBox
DEBUG:root:Processing: what=class, name=esibd.core.CheckBox.SignalCommunicate
DEBUG:root:Processing: what=class, name=esibd.core.CloseDialog
DEBUG:root:Processing: what=class, name=esibd.core.CompactComboBox
DEBUG:matplotlib:matplotlib data path: C:\Users\IONEATER\miniconda3\envs\esibd\Lib\site-packages\matplotlib\mpl-data
DEBUG:matplotlib:CONFIGDIR=C:\Users\IONEATER\.matplotlib
DEBUG:matplotlib:interactive is False
DEBUG:matplotlib:platform is win32
DEBUG:matplotlib:CACHEDIR=C:\Users\IONEATER\.matplotlib
DEBUG:matplotlib.font_manager:Using fontManager instance from C:\Users\IONEATER\.matplotlib\fontlist-v390.json
DEBUG:root:Processing: what=class, name=esibd.core.ControlCursor
DEBUG:root:Processing: what=method, name=esibd.core.ControlCursor.setPosition
DEBUG:root:Processing: what=class, name=esibd.core.DeviceController
DEBUG:root:Processing: what=class, name=esibd.core.DeviceController.SignalCommunicate
DEBUG:root:Processing: what=attribute, name=esibd.core.DeviceController.SignalCommunicate.closeCommunicationSignal
DEBUG:root:Processing: what=attribute, name=esibd.core.DeviceController.SignalCommunicate.initCompleteSignal
DEBUG:root:Processing: what=attribute, name=esibd.core.DeviceController.SignalCommunicate.updateValueSignal
DEBUG:root:Processing: what=attribute, name=esibd.core.DeviceController.acquiring
DEBUG:root:Processing: what=attribute, name=esibd.core.DeviceController.acquisitionThread
DEBUG:root:Processing: what=method, name=esibd.core.DeviceController.closeCommunication
DEBUG:root:Processing: what=method, name=esibd.core.DeviceController.initComplete
DEBUG:root:Processing: what=attribute, name=esibd.core.DeviceController.initThread
DEBUG:root:Processing: what=method, name=esibd.core.DeviceController.initializeCommunication
DEBUG:root:Processing: what=attribute, name=esibd.core.DeviceController.initialized
DEBUG:root:Processing: what=attribute, name=esibd.core.DeviceController.initializing
DEBUG:root:Processing: what=attribute, name=esibd.core.DeviceController.lock
DEBUG:root:Processing: what=attribute, name=esibd.core.DeviceController.parent
DEBUG:root:Processing: what=attribute, name=esibd.core.DeviceController.port
DEBUG:root:Processing: what=method, name=esibd.core.DeviceController.print
DEBUG:root:Processing: what=method, name=esibd.core.DeviceController.runAcquisition
DEBUG:root:Processing: what=method, name=esibd.core.DeviceController.runInitialization
DEBUG:root:Processing: what=method, name=esibd.core.DeviceController.serialRead
DEBUG:root:Processing: what=method, name=esibd.core.DeviceController.serialWrite
DEBUG:root:Processing: what=method, name=esibd.core.DeviceController.startAcquisition
DEBUG:root:Processing: what=method, name=esibd.core.DeviceController.stopAcquisition
DEBUG:root:Processing: what=method, name=esibd.core.DeviceController.updateValue
DEBUG:root:Processing: what=class, name=esibd.core.DockWidget
DEBUG:root:Processing: what=class, name=esibd.core.DockWidget.SignalCommunicate
DEBUG:root:Processing: what=method, name=esibd.core.DockWidget.toggleTitleBar
DEBUG:root:Processing: what=class, name=esibd.core.DynamicNp
DEBUG:root:Processing: what=method, name=esibd.core.DynamicNp.add
DEBUG:root:Processing: what=method, name=esibd.core.DynamicNp.get
DEBUG:root:Processing: what=class, name=esibd.core.EsibdExplorer
DEBUG:root:Processing: what=method, name=esibd.core.EsibdExplorer.closeEvent
DEBUG:root:Processing: what=method, name=esibd.core.EsibdExplorer.loadPlugins
DEBUG:root:Processing: what=method, name=esibd.core.EsibdExplorer.restoreUiState
DEBUG:root:Processing: what=method, name=esibd.core.EsibdExplorer.saveUiState
DEBUG:root:Processing: what=method, name=esibd.core.EsibdExplorer.toggleFullscreen
DEBUG:root:Processing: what=class, name=esibd.core.Icon
DEBUG:root:Processing: what=class, name=esibd.core.IconStatusBar
INFO:OpenGL.acceleratesupport:No OpenGL_accelerate module loaded: No module named 'OpenGL_accelerate'
DEBUG:root:Processing: what=class, name=esibd.core.LabelItem
DEBUG:root:Processing: what=class, name=esibd.core.LedIndicator
DEBUG:root:Processing: what=class, name=esibd.core.LineEdit
DEBUG:root:Processing: what=class, name=esibd.core.Logger
DEBUG:root:Processing: what=method, name=esibd.core.Logger.close
DEBUG:root:Processing: what=method, name=esibd.core.Logger.flush
DEBUG:root:Processing: what=method, name=esibd.core.Logger.open
DEBUG:root:Processing: what=method, name=esibd.core.Logger.openLog
DEBUG:root:Processing: what=method, name=esibd.core.Logger.print
DEBUG:root:Processing: what=method, name=esibd.core.Logger.write
DEBUG:root:Processing: what=class, name=esibd.core.MZCalculator
DEBUG:root:Processing: what=method, name=esibd.core.MZCalculator.determine_mass_to_charge
DEBUG:root:Processing: what=class, name=esibd.core.MetaChannel
DEBUG:root:Processing: what=class, name=esibd.core.MultiStateAction
DEBUG:root:Processing: what=class, name=esibd.core.NumberBar
DEBUG:root:Processing: what=class, name=esibd.core.Parameter
DEBUG:root:Processing: what=class, name=esibd.core.Parameter.TYPE
DEBUG:root:Processing: what=attribute, name=esibd.core.Parameter.TYPE.BOOL
DEBUG:root:Processing: what=attribute, name=esibd.core.Parameter.TYPE.COLOR
DEBUG:root:Processing: what=attribute, name=esibd.core.Parameter.TYPE.COMBO
DEBUG:root:Processing: what=attribute, name=esibd.core.Parameter.TYPE.EXP
DEBUG:root:Processing: what=attribute, name=esibd.core.Parameter.TYPE.FLOAT
DEBUG:root:Processing: what=attribute, name=esibd.core.Parameter.TYPE.FLOATCOMBO
DEBUG:root:Processing: what=attribute, name=esibd.core.Parameter.TYPE.INT
DEBUG:root:Processing: what=attribute, name=esibd.core.Parameter.TYPE.INTCOMBO
DEBUG:root:Processing: what=attribute, name=esibd.core.Parameter.TYPE.LABEL
DEBUG:root:Processing: what=attribute, name=esibd.core.Parameter.TYPE.PATH
DEBUG:root:Processing: what=attribute, name=esibd.core.Parameter.TYPE.TEXT
DEBUG:root:Processing: what=attribute, name=esibd.core.Parameter.advanced
DEBUG:root:Processing: what=method, name=esibd.core.Parameter.applyChangedEvent
DEBUG:root:Processing: what=method, name=esibd.core.Parameter.applyWidget
DEBUG:root:Processing: what=attribute, name=esibd.core.Parameter.attr
DEBUG:root:Processing: what=method, name=esibd.core.Parameter.equals
DEBUG:root:Processing: what=attribute, name=esibd.core.Parameter.event
DEBUG:root:Processing: what=attribute, name=esibd.core.Parameter.extraEvents
DEBUG:root:Processing: what=attribute, name=esibd.core.Parameter.fixedItems
DEBUG:root:Processing: what=attribute, name=esibd.core.Parameter.fullName
DEBUG:root:Processing: what=attribute, name=esibd.core.Parameter.header
DEBUG:root:Processing: what=attribute, name=esibd.core.Parameter.indicator
DEBUG:root:Processing: what=attribute, name=esibd.core.Parameter.instantUpdate
DEBUG:root:Processing: what=attribute, name=esibd.core.Parameter.internal
DEBUG:root:Processing: what=attribute, name=esibd.core.Parameter.itemWidget
DEBUG:root:Processing: what=property, name=esibd.core.Parameter.items
DEBUG:root:Processing: what=attribute, name=esibd.core.Parameter.max
DEBUG:root:Processing: what=attribute, name=esibd.core.Parameter.min
DEBUG:root:Processing: what=attribute, name=esibd.core.Parameter.name
DEBUG:root:Processing: what=attribute, name=esibd.core.Parameter.print
DEBUG:root:Processing: what=method, name=esibd.core.Parameter.settingEvent
DEBUG:root:Processing: what=attribute, name=esibd.core.Parameter.toolTip
DEBUG:root:Processing: what=attribute, name=esibd.core.Parameter.tree
DEBUG:root:Processing: what=method, name=esibd.core.Parameter.validateComboInput
DEBUG:root:Processing: what=property, name=esibd.core.Parameter.value
DEBUG:root:Processing: what=attribute, name=esibd.core.Parameter.widget
DEBUG:root:Processing: what=attribute, name=esibd.core.Parameter.widgetType
DEBUG:root:Processing: what=class, name=esibd.core.PlotItem
DEBUG:root:Processing: what=method, name=esibd.core.PlotItem.parentPlot
DEBUG:root:Processing: what=class, name=esibd.core.PlotWidget
DEBUG:root:Processing: what=class, name=esibd.core.PluginManager
DEBUG:root:Processing: what=class, name=esibd.core.PluginManager.SignalCommunicate
DEBUG:root:Processing: what=class, name=esibd.core.PluginManager.TYPE
DEBUG:root:Processing: what=attribute, name=esibd.core.PluginManager.TYPE.CHANNELMANAGER
DEBUG:root:Processing: what=attribute, name=esibd.core.PluginManager.TYPE.CONSOLE
DEBUG:root:Processing: what=attribute, name=esibd.core.PluginManager.TYPE.CONTROL
DEBUG:root:Processing: what=attribute, name=esibd.core.PluginManager.TYPE.DEVICEMGR
DEBUG:root:Processing: what=attribute, name=esibd.core.PluginManager.TYPE.DISPLAY
DEBUG:root:Processing: what=attribute, name=esibd.core.PluginManager.TYPE.INPUTDEVICE
DEBUG:root:Processing: what=attribute, name=esibd.core.PluginManager.TYPE.INTERNAL
DEBUG:root:Processing: what=attribute, name=esibd.core.PluginManager.TYPE.LIVEDISPLAY
DEBUG:root:Processing: what=attribute, name=esibd.core.PluginManager.TYPE.OUTPUTDEVICE
DEBUG:root:Processing: what=attribute, name=esibd.core.PluginManager.TYPE.SCAN
DEBUG:root:Processing: what=method, name=esibd.core.PluginManager.addPluginTreeWidgetItem
DEBUG:root:Processing: what=method, name=esibd.core.PluginManager.afterFinalizeInit
DEBUG:root:Processing: what=method, name=esibd.core.PluginManager.closePlugins
DEBUG:root:Processing: what=method, name=esibd.core.PluginManager.finalizeInit
DEBUG:root:Processing: what=method, name=esibd.core.PluginManager.finalizeUiState
DEBUG:root:Processing: what=method, name=esibd.core.PluginManager.getMainPlugins
DEBUG:root:Processing: what=method, name=esibd.core.PluginManager.getPluginsByClass
DEBUG:root:Processing: what=method, name=esibd.core.PluginManager.getPluginsByType
DEBUG:root:Processing: what=method, name=esibd.core.PluginManager.loadPlugin
DEBUG:root:Processing: what=method, name=esibd.core.PluginManager.loadPlugins
DEBUG:root:Processing: what=method, name=esibd.core.PluginManager.loadPluginsFromModule
DEBUG:root:Processing: what=property, name=esibd.core.PluginManager.loading
DEBUG:root:Processing: what=method, name=esibd.core.PluginManager.managePlugins
DEBUG:root:Processing: what=attribute, name=esibd.core.PluginManager.plugins
DEBUG:root:Processing: what=method, name=esibd.core.PluginManager.provideDocks
DEBUG:root:Processing: what=method, name=esibd.core.PluginManager.resetMainDisplayWidgetLimits
DEBUG:root:Processing: what=method, name=esibd.core.PluginManager.runTestParallel
DEBUG:root:Processing: what=method, name=esibd.core.PluginManager.test
DEBUG:root:Processing: what=method, name=esibd.core.PluginManager.updateTheme
DEBUG:root:Processing: what=class, name=esibd.core.QLabviewDoubleSpinBox
DEBUG:root:Processing: what=method, name=esibd.core.QLabviewDoubleSpinBox.stepBy
DEBUG:root:Processing: what=method, name=esibd.core.QLabviewDoubleSpinBox.textFromValue
DEBUG:root:Processing: what=class, name=esibd.core.QLabviewSciSpinBox
DEBUG:root:Processing: what=class, name=esibd.core.QLabviewSciSpinBox.FloatValidator
DEBUG:root:Processing: what=method, name=esibd.core.QLabviewSciSpinBox.stepBy
DEBUG:root:Processing: what=method, name=esibd.core.QLabviewSciSpinBox.textFromValue
DEBUG:root:Processing: what=class, name=esibd.core.QLabviewSpinBox
DEBUG:root:Processing: what=method, name=esibd.core.QLabviewSpinBox.stepBy
DEBUG:root:Processing: what=class, name=esibd.core.RestoreFloatComboBox
DEBUG:root:Processing: what=class, name=esibd.core.ScanChannel
DEBUG:root:Processing: what=method, name=esibd.core.ScanChannel.getDefaultChannel
DEBUG:root:Processing: what=method, name=esibd.core.ScanChannel.initGUI
DEBUG:root:Processing: what=method, name=esibd.core.ScanChannel.onDelete
DEBUG:root:Processing: what=method, name=esibd.core.ScanChannel.setDisplayedParameters
DEBUG:root:Processing: what=method, name=esibd.core.ScanChannel.tempParameters
DEBUG:root:Processing: what=class, name=esibd.core.SciAxisItem
DEBUG:root:Processing: what=class, name=esibd.core.Setting
DEBUG:root:Processing: what=method, name=esibd.core.Setting.resetWidget
DEBUG:root:Processing: what=method, name=esibd.core.Setting.setWidget
DEBUG:root:Processing: what=method, name=esibd.core.Setting.settingEvent
DEBUG:root:Processing: what=class, name=esibd.core.SplashScreen
DEBUG:root:Processing: what=class, name=esibd.core.StateAction
DEBUG:root:Processing: what=class, name=esibd.core.TextEdit
DEBUG:root:Processing: what=class, name=esibd.core.ThemedConsole
DEBUG:root:Processing: what=class, name=esibd.core.ThemedNavigationToolbar
DEBUG:root:Processing: what=method, name=esibd.core.ThemedNavigationToolbar.updateNavToolbarTheme
DEBUG:root:Processing: what=class, name=esibd.core.TimeoutLock
DEBUG:root:Processing: what=method, name=esibd.core.TimeoutLock.acquire_timeout
DEBUG:root:Processing: what=class, name=esibd.core.ToolButton
DEBUG:root:Processing: what=class, name=esibd.core.ToolButton.SignalCommunicate
DEBUG:root:Processing: what=class, name=esibd.core.TreeWidget
DEBUG:root:Processing: what=function, name=esibd.core.parameterDict
DEBUG:root:Processing: what=module, name=esibd.const
DEBUG:root:Processing: what=class, name=esibd.const.Colors
DEBUG:root:Processing: what=class, name=esibd.const.INOUT
DEBUG:root:Processing: what=attribute, name=esibd.const.INOUT.ALL
DEBUG:root:Processing: what=attribute, name=esibd.const.INOUT.BOTH
DEBUG:root:Processing: what=attribute, name=esibd.const.INOUT.IN
DEBUG:root:Processing: what=attribute, name=esibd.const.INOUT.NONE
DEBUG:root:Processing: what=attribute, name=esibd.const.INOUT.OUT
DEBUG:root:Processing: what=class, name=esibd.const.PRINT
DEBUG:root:Processing: what=attribute, name=esibd.const.PRINT.DEBUG
DEBUG:root:Processing: what=attribute, name=esibd.const.PRINT.ERROR
DEBUG:root:Processing: what=attribute, name=esibd.const.PRINT.EXPLORER
DEBUG:root:Processing: what=attribute, name=esibd.const.PRINT.MESSAGE
DEBUG:root:Processing: what=attribute, name=esibd.const.PRINT.WARNING
DEBUG:root:Processing: what=function, name=esibd.const.getClipboardTheme
DEBUG:root:Processing: what=function, name=esibd.const.getDPI
DEBUG:root:Processing: what=function, name=esibd.const.getDarkMode
DEBUG:root:Processing: what=function, name=esibd.const.getIconMode
DEBUG:root:Processing: what=function, name=esibd.const.getShowDebug
DEBUG:root:Processing: what=function, name=esibd.const.getTestMode
DEBUG:root:Processing: what=function, name=esibd.const.makeSettingWrapper
DEBUG:root:Processing: what=function, name=esibd.const.makeStateWrapper
DEBUG:root:Processing: what=function, name=esibd.const.makeWrapper
DEBUG:root:Processing: what=function, name=esibd.const.smooth
DEBUG:root:Processing: what=function, name=esibd.const.validatePath
DEBUG:root:Processing: what=module, name=esibd.plugins.Plugin
DEBUG:root:Processing: what=module, name=esibd.core.PluginManager
DEBUG:root:Processing: what=module, name=esibd.plugins.Device
DEBUG:root:Processing: what=module, name=esibd.core.Channel
DEBUG:root:Processing: what=module, name=esibd.plugins.UCM
DEBUG:root:Processing: what=module, name=esibd.plugins.PID
DEBUG:root:Processing: what=module, name=esibd.plugins.Scan
DEBUG:root:Processing: what=module, name=esibd.core.DeviceController
DEBUG:root:Processing: what=module, name=esibd.plugins.Settings
DEBUG:root:Processing: what=module, name=esibd.plugins.Explorer
DEBUG:root:Processing: what=module, name=esibd.plugins.Device
DEBUG:root:Processing: what=module, name=esibd.core.Channel
DEBUG:root:Processing: what=module, name=esibd.plugins.Scan
DEBUG:root:Processing: what=module, name=esibd.plugins_internal.scans.Scans.GA
DEBUG:root:Processing: what=module, name=esibd.plugins_internal.scans.Scans.Omni
DEBUG:root:Processing: what=module, name=esibd.plugins_internal.examples.Custom.CustomControl
DEBUG:root:Processing: what=module, name=esibd.plugins_internal.examples.CustomDevice.CustomDevice
DEBUG:root:Processing: what=module, name=esibd.plugins.Browser
DEBUG:root:Processing: what=module, name=esibd.plugins.Notes
DEBUG:root:Processing: what=module, name=esibd.plugins.Text
DEBUG:root:Processing: what=module, name=esibd.plugins.Tree
DEBUG:root:Processing: what=module, name=esibd.plugins_internal.displays.Displays.MS
DEBUG:root:Processing: what=module, name=esibd.plugins_internal.displays.Displays.LINE
DEBUG:root:Processing: what=module, name=esibd.plugins_internal.displays.Displays.PDB
DEBUG:root:Processing: what=module, name=esibd.plugins_internal.displays.Displays.HOLO
DEBUG:root:Processing: what=module, name=esibd.plugins.LiveDisplay
DEBUG:root:Processing: what=module, name=esibd.plugins.DeviceManager
DEBUG:root:Processing: what=module, name=esibd.plugins.Console
DEBUG:root:Processing: what=module, name=esibd.plugins_internal.ISEG.ISEG.Voltage
DEBUG:root:Processing: what=module, name=esibd.plugins_internal.RBD.RBD.Current
DEBUG:root:Processing: what=module, name=esibd.plugins_internal.Pressure.Pressure.Pressure
DEBUG:root:Processing: what=module, name=esibd.plugins_internal.TIC.TIC.TIC
DEBUG:root:Processing: what=module, name=esibd.plugins_internal.MAXIGAUGE.MAXIGAUGE.MAXIGAUGE
DEBUG:root:Processing: what=module, name=esibd.plugins_internal.scans.Scans.Beam
DEBUG:root:Processing: what=module, name=esibd.plugins_internal.scans.Scans.Spectra
DEBUG:root:Processing: what=module, name=esibd.plugins_internal.scans.Scans.Energy
DEBUG:root:Processing: what=module, name=esibd.plugins_internal.scans.Scans.Depo
